\BOOKMARK [1][]{Outline1}{Requirements and goals}{}% 1
\BOOKMARK [2][]{Outline1.1}{Main functionalities}{Outline1}% 2
\BOOKMARK [2][]{Outline1.2}{Requirements}{Outline1}% 3
\BOOKMARK [2][]{Outline1.3}{Goals}{Outline1}% 4
\BOOKMARK [1][]{Outline2}{Design}{}% 5
\BOOKMARK [2][]{Outline2.4}{Design overview}{Outline2}% 6
\BOOKMARK [2][]{Outline2.5}{Subsystems}{Outline2}% 7
\BOOKMARK [2][]{Outline2.6}{BCE}{Outline2}% 8
\BOOKMARK [1][]{Outline3}{Code}{}% 9
\BOOKMARK [2][]{Outline3.7}{Design principles}{Outline3}% 10
\BOOKMARK [1][]{Outline4}{Demo}{}% 11
\BOOKMARK [1][]{Outline5}{Project reporting}{}% 12
\BOOKMARK [2][]{Outline5.8}{Overall project time}{Outline5}% 13
\BOOKMARK [2][]{Outline5.9}{Lines of code}{Outline5}% 14
\BOOKMARK [2][]{Outline5.10}{COCOMO II}{Outline5}% 15
\BOOKMARK [1][]{Outline6}{Acceptance}{}% 16
\BOOKMARK [2][]{Outline6.11}{Requirements}{Outline6}% 17
\BOOKMARK [2][]{Outline6.12}{Design}{Outline6}% 18
\BOOKMARK [2][]{Outline6.13}{Bugs}{Outline6}% 19
\BOOKMARK [1][]{Outline7}{Questions}{}% 20
