This is pdfTeX, Version 3.1415926-2.5-1.40.14 (MiKTeX 2.9 64-bit) (preloaded format=pdflatex 2014.11.5)  16 NOV 2014 23:00
entering extended mode
**RASD.tex

(C:\Users\stefano\Documents\NetBeansProjects\meteo-cal-celli-cereda\rasd\RASD.t
ex
LaTeX2e <2011/06/27>
Babel <v3.8m> and hyphenation patterns for english, afrikaans, ancientgreek, ar
abic, armenian, assamese, basque, bengali, bokmal, bulgarian, catalan, coptic, 
croatian, czech, danish, dutch, esperanto, estonian, farsi, finnish, french, ga
lician, german, german-x-2013-05-26, greek, gujarati, hindi, hungarian, iceland
ic, indonesian, interlingua, irish, italian, kannada, kurmanji, latin, latvian,
 lithuanian, malayalam, marathi, mongolian, mongolianlmc, monogreek, ngerman, n
german-x-2013-05-26, nynorsk, oriya, panjabi, pinyin, polish, portuguese, roman
ian, russian, sanskrit, serbian, slovak, slovenian, spanish, swedish, swissgerm
an, tamil, telugu, turkish, turkmen, ukenglish, ukrainian, uppersorbian, usengl
ishmax, welsh, loaded.
("C:\Program Files\MiKTeX 2.9\tex\latex\base\article.cls"
Document Class: article 2007/10/19 v1.4h Standard LaTeX document class
("C:\Program Files\MiKTeX 2.9\tex\latex\base\size10.clo"
File: size10.clo 2007/10/19 v1.4h Standard LaTeX file (size option)
)
\c@part=\count79
\c@section=\count80
\c@subsection=\count81
\c@subsubsection=\count82
\c@paragraph=\count83
\c@subparagraph=\count84
\c@figure=\count85
\c@table=\count86
\abovecaptionskip=\skip41
\belowcaptionskip=\skip42
\bibindent=\dimen102
)
("C:\Program Files\MiKTeX 2.9\tex\latex\base\inputenc.sty"
Package: inputenc 2008/03/30 v1.1d Input encoding file
\inpenc@prehook=\toks14
\inpenc@posthook=\toks15

("C:\Program Files\MiKTeX 2.9\tex\latex\base\utf8.def"
File: utf8.def 2008/04/05 v1.1m UTF-8 support for inputenc
Now handling font encoding OML ...
... no UTF-8 mapping file for font encoding OML
Now handling font encoding T1 ...
... processing UTF-8 mapping file for font encoding T1

("C:\Program Files\MiKTeX 2.9\tex\latex\base\t1enc.dfu"
File: t1enc.dfu 2008/04/05 v1.1m UTF-8 support for inputenc
   defining Unicode char U+00A1 (decimal 161)
   defining Unicode char U+00A3 (decimal 163)
   defining Unicode char U+00AB (decimal 171)
   defining Unicode char U+00BB (decimal 187)
   defining Unicode char U+00BF (decimal 191)
   defining Unicode char U+00C0 (decimal 192)
   defining Unicode char U+00C1 (decimal 193)
   defining Unicode char U+00C2 (decimal 194)
   defining Unicode char U+00C3 (decimal 195)
   defining Unicode char U+00C4 (decimal 196)
   defining Unicode char U+00C5 (decimal 197)
   defining Unicode char U+00C6 (decimal 198)
   defining Unicode char U+00C7 (decimal 199)
   defining Unicode char U+00C8 (decimal 200)
   defining Unicode char U+00C9 (decimal 201)
   defining Unicode char U+00CA (decimal 202)
   defining Unicode char U+00CB (decimal 203)
   defining Unicode char U+00CC (decimal 204)
   defining Unicode char U+00CD (decimal 205)
   defining Unicode char U+00CE (decimal 206)
   defining Unicode char U+00CF (decimal 207)
   defining Unicode char U+00D0 (decimal 208)
   defining Unicode char U+00D1 (decimal 209)
   defining Unicode char U+00D2 (decimal 210)
   defining Unicode char U+00D3 (decimal 211)
   defining Unicode char U+00D4 (decimal 212)
   defining Unicode char U+00D5 (decimal 213)
   defining Unicode char U+00D6 (decimal 214)
   defining Unicode char U+00D8 (decimal 216)
   defining Unicode char U+00D9 (decimal 217)
   defining Unicode char U+00DA (decimal 218)
   defining Unicode char U+00DB (decimal 219)
   defining Unicode char U+00DC (decimal 220)
   defining Unicode char U+00DD (decimal 221)
   defining Unicode char U+00DE (decimal 222)
   defining Unicode char U+00DF (decimal 223)
   defining Unicode char U+00E0 (decimal 224)
   defining Unicode char U+00E1 (decimal 225)
   defining Unicode char U+00E2 (decimal 226)
   defining Unicode char U+00E3 (decimal 227)
   defining Unicode char U+00E4 (decimal 228)
   defining Unicode char U+00E5 (decimal 229)
   defining Unicode char U+00E6 (decimal 230)
   defining Unicode char U+00E7 (decimal 231)
   defining Unicode char U+00E8 (decimal 232)
   defining Unicode char U+00E9 (decimal 233)
   defining Unicode char U+00EA (decimal 234)
   defining Unicode char U+00EB (decimal 235)
   defining Unicode char U+00EC (decimal 236)
   defining Unicode char U+00ED (decimal 237)
   defining Unicode char U+00EE (decimal 238)
   defining Unicode char U+00EF (decimal 239)
   defining Unicode char U+00F0 (decimal 240)
   defining Unicode char U+00F1 (decimal 241)
   defining Unicode char U+00F2 (decimal 242)
   defining Unicode char U+00F3 (decimal 243)
   defining Unicode char U+00F4 (decimal 244)
   defining Unicode char U+00F5 (decimal 245)
   defining Unicode char U+00F6 (decimal 246)
   defining Unicode char U+00F8 (decimal 248)
   defining Unicode char U+00F9 (decimal 249)
   defining Unicode char U+00FA (decimal 250)
   defining Unicode char U+00FB (decimal 251)
   defining Unicode char U+00FC (decimal 252)
   defining Unicode char U+00FD (decimal 253)
   defining Unicode char U+00FE (decimal 254)
   defining Unicode char U+00FF (decimal 255)
   defining Unicode char U+0102 (decimal 258)
   defining Unicode char U+0103 (decimal 259)
   defining Unicode char U+0104 (decimal 260)
   defining Unicode char U+0105 (decimal 261)
   defining Unicode char U+0106 (decimal 262)
   defining Unicode char U+0107 (decimal 263)
   defining Unicode char U+010C (decimal 268)
   defining Unicode char U+010D (decimal 269)
   defining Unicode char U+010E (decimal 270)
   defining Unicode char U+010F (decimal 271)
   defining Unicode char U+0110 (decimal 272)
   defining Unicode char U+0111 (decimal 273)
   defining Unicode char U+0118 (decimal 280)
   defining Unicode char U+0119 (decimal 281)
   defining Unicode char U+011A (decimal 282)
   defining Unicode char U+011B (decimal 283)
   defining Unicode char U+011E (decimal 286)
   defining Unicode char U+011F (decimal 287)
   defining Unicode char U+0130 (decimal 304)
   defining Unicode char U+0131 (decimal 305)
   defining Unicode char U+0132 (decimal 306)
   defining Unicode char U+0133 (decimal 307)
   defining Unicode char U+0139 (decimal 313)
   defining Unicode char U+013A (decimal 314)
   defining Unicode char U+013D (decimal 317)
   defining Unicode char U+013E (decimal 318)
   defining Unicode char U+0141 (decimal 321)
   defining Unicode char U+0142 (decimal 322)
   defining Unicode char U+0143 (decimal 323)
   defining Unicode char U+0144 (decimal 324)
   defining Unicode char U+0147 (decimal 327)
   defining Unicode char U+0148 (decimal 328)
   defining Unicode char U+014A (decimal 330)
   defining Unicode char U+014B (decimal 331)
   defining Unicode char U+0150 (decimal 336)
   defining Unicode char U+0151 (decimal 337)
   defining Unicode char U+0152 (decimal 338)
   defining Unicode char U+0153 (decimal 339)
   defining Unicode char U+0154 (decimal 340)
   defining Unicode char U+0155 (decimal 341)
   defining Unicode char U+0158 (decimal 344)
   defining Unicode char U+0159 (decimal 345)
   defining Unicode char U+015A (decimal 346)
   defining Unicode char U+015B (decimal 347)
   defining Unicode char U+015E (decimal 350)
   defining Unicode char U+015F (decimal 351)
   defining Unicode char U+0160 (decimal 352)
   defining Unicode char U+0161 (decimal 353)
   defining Unicode char U+0162 (decimal 354)
   defining Unicode char U+0163 (decimal 355)
   defining Unicode char U+0164 (decimal 356)
   defining Unicode char U+0165 (decimal 357)
   defining Unicode char U+016E (decimal 366)
   defining Unicode char U+016F (decimal 367)
   defining Unicode char U+0170 (decimal 368)
   defining Unicode char U+0171 (decimal 369)
   defining Unicode char U+0178 (decimal 376)
   defining Unicode char U+0179 (decimal 377)
   defining Unicode char U+017A (decimal 378)
   defining Unicode char U+017B (decimal 379)
   defining Unicode char U+017C (decimal 380)
   defining Unicode char U+017D (decimal 381)
   defining Unicode char U+017E (decimal 382)
   defining Unicode char U+200C (decimal 8204)
   defining Unicode char U+2013 (decimal 8211)
   defining Unicode char U+2014 (decimal 8212)
   defining Unicode char U+2018 (decimal 8216)
   defining Unicode char U+2019 (decimal 8217)
   defining Unicode char U+201A (decimal 8218)
   defining Unicode char U+201C (decimal 8220)
   defining Unicode char U+201D (decimal 8221)
   defining Unicode char U+201E (decimal 8222)
   defining Unicode char U+2030 (decimal 8240)
   defining Unicode char U+2031 (decimal 8241)
   defining Unicode char U+2039 (decimal 8249)
   defining Unicode char U+203A (decimal 8250)
   defining Unicode char U+2423 (decimal 9251)
)
Now handling font encoding OT1 ...
... processing UTF-8 mapping file for font encoding OT1

("C:\Program Files\MiKTeX 2.9\tex\latex\base\ot1enc.dfu"
File: ot1enc.dfu 2008/04/05 v1.1m UTF-8 support for inputenc
   defining Unicode char U+00A1 (decimal 161)
   defining Unicode char U+00A3 (decimal 163)
   defining Unicode char U+00B8 (decimal 184)
   defining Unicode char U+00BF (decimal 191)
   defining Unicode char U+00C5 (decimal 197)
   defining Unicode char U+00C6 (decimal 198)
   defining Unicode char U+00D8 (decimal 216)
   defining Unicode char U+00DF (decimal 223)
   defining Unicode char U+00E6 (decimal 230)
   defining Unicode char U+00EC (decimal 236)
   defining Unicode char U+00ED (decimal 237)
   defining Unicode char U+00EE (decimal 238)
   defining Unicode char U+00EF (decimal 239)
   defining Unicode char U+00F8 (decimal 248)
   defining Unicode char U+0131 (decimal 305)
   defining Unicode char U+0141 (decimal 321)
   defining Unicode char U+0142 (decimal 322)
   defining Unicode char U+0152 (decimal 338)
   defining Unicode char U+0153 (decimal 339)
   defining Unicode char U+2013 (decimal 8211)
   defining Unicode char U+2014 (decimal 8212)
   defining Unicode char U+2018 (decimal 8216)
   defining Unicode char U+2019 (decimal 8217)
   defining Unicode char U+201C (decimal 8220)
   defining Unicode char U+201D (decimal 8221)
)
Now handling font encoding OMS ...
... processing UTF-8 mapping file for font encoding OMS

("C:\Program Files\MiKTeX 2.9\tex\latex\base\omsenc.dfu"
File: omsenc.dfu 2008/04/05 v1.1m UTF-8 support for inputenc
   defining Unicode char U+00A7 (decimal 167)
   defining Unicode char U+00B6 (decimal 182)
   defining Unicode char U+00B7 (decimal 183)
   defining Unicode char U+2020 (decimal 8224)
   defining Unicode char U+2021 (decimal 8225)
   defining Unicode char U+2022 (decimal 8226)
)
Now handling font encoding OMX ...
... no UTF-8 mapping file for font encoding OMX
Now handling font encoding U ...
... no UTF-8 mapping file for font encoding U
   defining Unicode char U+00A9 (decimal 169)
   defining Unicode char U+00AA (decimal 170)
   defining Unicode char U+00AE (decimal 174)
   defining Unicode char U+00BA (decimal 186)
   defining Unicode char U+02C6 (decimal 710)
   defining Unicode char U+02DC (decimal 732)
   defining Unicode char U+200C (decimal 8204)
   defining Unicode char U+2026 (decimal 8230)
   defining Unicode char U+2122 (decimal 8482)
   defining Unicode char U+2423 (decimal 9251)
))
("C:\Program Files\MiKTeX 2.9\tex\latex\amsmath\amsmath.sty"
Package: amsmath 2013/01/14 v2.14 AMS math features
\@mathmargin=\skip43

For additional information on amsmath, use the `?' option.
("C:\Program Files\MiKTeX 2.9\tex\latex\amsmath\amstext.sty"
Package: amstext 2000/06/29 v2.01

("C:\Program Files\MiKTeX 2.9\tex\latex\amsmath\amsgen.sty"
File: amsgen.sty 1999/11/30 v2.0
\@emptytoks=\toks16
\ex@=\dimen103
))
("C:\Program Files\MiKTeX 2.9\tex\latex\amsmath\amsbsy.sty"
Package: amsbsy 1999/11/29 v1.2d
\pmbraise@=\dimen104
)
("C:\Program Files\MiKTeX 2.9\tex\latex\amsmath\amsopn.sty"
Package: amsopn 1999/12/14 v2.01 operator names
)
\inf@bad=\count87
LaTeX Info: Redefining \frac on input line 210.
\uproot@=\count88
\leftroot@=\count89
LaTeX Info: Redefining \overline on input line 306.
\classnum@=\count90
\DOTSCASE@=\count91
LaTeX Info: Redefining \ldots on input line 378.
LaTeX Info: Redefining \dots on input line 381.
LaTeX Info: Redefining \cdots on input line 466.
\Mathstrutbox@=\box26
\strutbox@=\box27
\big@size=\dimen105
LaTeX Font Info:    Redeclaring font encoding OML on input line 566.
LaTeX Font Info:    Redeclaring font encoding OMS on input line 567.
\macc@depth=\count92
\c@MaxMatrixCols=\count93
\dotsspace@=\muskip10
\c@parentequation=\count94
\dspbrk@lvl=\count95
\tag@help=\toks17
\row@=\count96
\column@=\count97
\maxfields@=\count98
\andhelp@=\toks18
\eqnshift@=\dimen106
\alignsep@=\dimen107
\tagshift@=\dimen108
\tagwidth@=\dimen109
\totwidth@=\dimen110
\lineht@=\dimen111
\@envbody=\toks19
\multlinegap=\skip44
\multlinetaggap=\skip45
\mathdisplay@stack=\toks20
LaTeX Info: Redefining \[ on input line 2665.
LaTeX Info: Redefining \] on input line 2666.
)
("C:\Program Files\MiKTeX 2.9\tex\latex\amsfonts\amsfonts.sty"
Package: amsfonts 2013/01/14 v3.01 Basic AMSFonts support
\symAMSa=\mathgroup4
\symAMSb=\mathgroup5
LaTeX Font Info:    Overwriting math alphabet `\mathfrak' in version `bold'
(Font)                  U/euf/m/n --> U/euf/b/n on input line 106.
)
("C:\Program Files\MiKTeX 2.9\tex\latex\amsfonts\amssymb.sty"
Package: amssymb 2013/01/14 v3.01 AMS font symbols
)
("C:\Program Files\MiKTeX 2.9\tex\latex\base\makeidx.sty"
Package: makeidx 2000/03/29 v1.0m Standard LaTeX package
)
("C:\Program Files\MiKTeX 2.9\tex\latex\enumitem\enumitem.sty"
Package: enumitem 2011/09/28 v3.5.2 Customized lists
\enitkv@toks@=\toks21
\labelindent=\skip46
\enit@outerparindent=\dimen112
\enit@toks=\toks22
\enit@inbox=\box28
\enitdp@description=\count99
)
("C:\Program Files\MiKTeX 2.9\tex\latex\graphics\graphicx.sty"
Package: graphicx 1999/02/16 v1.0f Enhanced LaTeX Graphics (DPC,SPQR)

("C:\Program Files\MiKTeX 2.9\tex\latex\graphics\keyval.sty"
Package: keyval 1999/03/16 v1.13 key=value parser (DPC)
\KV@toks@=\toks23
)
("C:\Program Files\MiKTeX 2.9\tex\latex\graphics\graphics.sty"
Package: graphics 2009/02/05 v1.0o Standard LaTeX Graphics (DPC,SPQR)

("C:\Program Files\MiKTeX 2.9\tex\latex\graphics\trig.sty"
Package: trig 1999/03/16 v1.09 sin cos tan (DPC)
)
("C:\Program Files\MiKTeX 2.9\tex\latex\00miktex\graphics.cfg"
File: graphics.cfg 2007/01/18 v1.5 graphics configuration of teTeX/TeXLive
)
Package graphics Info: Driver file: pdftex.def on input line 91.

("C:\Program Files\MiKTeX 2.9\tex\latex\pdftex-def\pdftex.def"
File: pdftex.def 2011/05/27 v0.06d Graphics/color for pdfTeX

("C:\Program Files\MiKTeX 2.9\tex\generic\oberdiek\infwarerr.sty"
Package: infwarerr 2010/04/08 v1.3 Providing info/warning/error messages (HO)
)
("C:\Program Files\MiKTeX 2.9\tex\generic\oberdiek\ltxcmds.sty"
Package: ltxcmds 2011/11/09 v1.22 LaTeX kernel commands for general use (HO)
)
\Gread@gobject=\count100
))
\Gin@req@height=\dimen113
\Gin@req@width=\dimen114
)
("C:\Program Files\MiKTeX 2.9\tex\latex\tools\longtable.sty"
Package: longtable 2004/02/01 v4.11 Multi-page Table package (DPC)
\LTleft=\skip47
\LTright=\skip48
\LTpre=\skip49
\LTpost=\skip50
\LTchunksize=\count101
\LTcapwidth=\dimen115
\LT@head=\box29
\LT@firsthead=\box30
\LT@foot=\box31
\LT@lastfoot=\box32
\LT@cols=\count102
\LT@rows=\count103
\c@LT@tables=\count104
\c@LT@chunks=\count105
\LT@p@ftn=\toks24
)
("C:\Program Files\MiKTeX 2.9\tex\latex\hyperref\hyperref.sty"
Package: hyperref 2012/11/06 v6.83m Hypertext links for LaTeX

("C:\Program Files\MiKTeX 2.9\tex\generic\oberdiek\hobsub-hyperref.sty"
Package: hobsub-hyperref 2012/04/25 v1.12 Bundle oberdiek, subset hyperref (HO)


("C:\Program Files\MiKTeX 2.9\tex\generic\oberdiek\hobsub-generic.sty"
Package: hobsub-generic 2012/04/25 v1.12 Bundle oberdiek, subset generic (HO)
Package: hobsub 2012/04/25 v1.12 Construct package bundles (HO)
Package hobsub Info: Skipping package `infwarerr' (already loaded).
Package hobsub Info: Skipping package `ltxcmds' (already loaded).
Package: ifluatex 2010/03/01 v1.3 Provides the ifluatex switch (HO)
Package ifluatex Info: LuaTeX not detected.
Package: ifvtex 2010/03/01 v1.5 Detect VTeX and its facilities (HO)
Package ifvtex Info: VTeX not detected.
Package: intcalc 2007/09/27 v1.1 Expandable calculations with integers (HO)
Package: ifpdf 2011/01/30 v2.3 Provides the ifpdf switch (HO)
Package ifpdf Info: pdfTeX in PDF mode is detected.
Package: etexcmds 2011/02/16 v1.5 Avoid name clashes with e-TeX commands (HO)
Package etexcmds Info: Could not find \expanded.
(etexcmds)             That can mean that you are not using pdfTeX 1.50 or
(etexcmds)             that some package has redefined \expanded.
(etexcmds)             In the latter case, load this package earlier.
Package: kvsetkeys 2012/04/25 v1.16 Key value parser (HO)
Package: kvdefinekeys 2011/04/07 v1.3 Define keys (HO)
Package: pdftexcmds 2011/11/29 v0.20 Utility functions of pdfTeX for LuaTeX (HO
)
Package pdftexcmds Info: LuaTeX not detected.
Package pdftexcmds Info: \pdf@primitive is available.
Package pdftexcmds Info: \pdf@ifprimitive is available.
Package pdftexcmds Info: \pdfdraftmode found.
Package: pdfescape 2011/11/25 v1.13 Implements pdfTeX's escape features (HO)
Package: bigintcalc 2012/04/08 v1.3 Expandable calculations on big integers (HO
)
Package: bitset 2011/01/30 v1.1 Handle bit-vector datatype (HO)
Package: uniquecounter 2011/01/30 v1.2 Provide unlimited unique counter (HO)
)
Package hobsub Info: Skipping package `hobsub' (already loaded).
Package: letltxmacro 2010/09/02 v1.4 Let assignment for LaTeX macros (HO)
Package: hopatch 2011/06/24 v1.1 Wrapper for package hooks (HO)
Package: xcolor-patch 2011/01/30 xcolor patch
Package: atveryend 2011/06/30 v1.8 Hooks at the very end of document (HO)
Package atveryend Info: \enddocument detected (standard20110627).
Package: atbegshi 2011/10/05 v1.16 At begin shipout hook (HO)
Package: refcount 2011/10/16 v3.4 Data extraction from label references (HO)
Package: hycolor 2011/01/30 v1.7 Color options for hyperref/bookmark (HO)
)
("C:\Program Files\MiKTeX 2.9\tex\generic\ifxetex\ifxetex.sty"
Package: ifxetex 2010/09/12 v0.6 Provides ifxetex conditional
)
("C:\Program Files\MiKTeX 2.9\tex\latex\oberdiek\auxhook.sty"
Package: auxhook 2011/03/04 v1.3 Hooks for auxiliary files (HO)
)
("C:\Program Files\MiKTeX 2.9\tex\latex\oberdiek\kvoptions.sty"
Package: kvoptions 2011/06/30 v3.11 Key value format for package options (HO)
)
\@linkdim=\dimen116
\Hy@linkcounter=\count106
\Hy@pagecounter=\count107

("C:\Program Files\MiKTeX 2.9\tex\latex\hyperref\pd1enc.def"
File: pd1enc.def 2012/11/06 v6.83m Hyperref: PDFDocEncoding definition (HO)
Now handling font encoding PD1 ...
... no UTF-8 mapping file for font encoding PD1
)
\Hy@SavedSpaceFactor=\count108

("C:\Program Files\MiKTeX 2.9\tex\latex\00miktex\hyperref.cfg"
File: hyperref.cfg 2002/06/06 v1.2 hyperref configuration of TeXLive
)
Package hyperref Info: Hyper figures OFF on input line 4443.
Package hyperref Info: Link nesting OFF on input line 4448.
Package hyperref Info: Hyper index ON on input line 4451.
Package hyperref Info: Plain pages OFF on input line 4458.
Package hyperref Info: Backreferencing OFF on input line 4463.
Package hyperref Info: Implicit mode ON; LaTeX internals redefined.
Package hyperref Info: Bookmarks ON on input line 4688.
\c@Hy@tempcnt=\count109

("C:\Program Files\MiKTeX 2.9\tex\latex\url\url.sty"
\Urlmuskip=\muskip11
Package: url 2013/09/16  ver 3.4  Verb mode for urls, etc.
)
LaTeX Info: Redefining \url on input line 5041.
\XeTeXLinkMargin=\dimen117
\Fld@menulength=\count110
\Field@Width=\dimen118
\Fld@charsize=\dimen119
Package hyperref Info: Hyper figures OFF on input line 6295.
Package hyperref Info: Link nesting OFF on input line 6300.
Package hyperref Info: Hyper index ON on input line 6303.
Package hyperref Info: backreferencing OFF on input line 6310.
Package hyperref Info: Link coloring OFF on input line 6315.
Package hyperref Info: Link coloring with OCG OFF on input line 6320.
Package hyperref Info: PDF/A mode OFF on input line 6325.
LaTeX Info: Redefining \ref on input line 6365.
LaTeX Info: Redefining \pageref on input line 6369.
\Hy@abspage=\count111
\c@Item=\count112
\c@Hfootnote=\count113
)

Package hyperref Message: Driver (autodetected): hpdftex.

("C:\Program Files\MiKTeX 2.9\tex\latex\hyperref\hpdftex.def"
File: hpdftex.def 2012/11/06 v6.83m Hyperref driver for pdfTeX
\Fld@listcount=\count114
\c@bookmark@seq@number=\count115

("C:\Program Files\MiKTeX 2.9\tex\latex\oberdiek\rerunfilecheck.sty"
Package: rerunfilecheck 2011/04/15 v1.7 Rerun checks for auxiliary files (HO)
Package uniquecounter Info: New unique counter `rerunfilecheck' on input line 2
82.
)
\Hy@SectionHShift=\skip51
)
\@indexfile=\write3

Writing index file RASD.idx

(C:\Users\stefano\Documents\NetBeansProjects\meteo-cal-celli-cereda\rasd\RASD.a
ux)
LaTeX Font Info:    Checking defaults for OML/cmm/m/it on input line 21.
LaTeX Font Info:    ... okay on input line 21.
LaTeX Font Info:    Checking defaults for T1/cmr/m/n on input line 21.
LaTeX Font Info:    ... okay on input line 21.
LaTeX Font Info:    Checking defaults for OT1/cmr/m/n on input line 21.
LaTeX Font Info:    ... okay on input line 21.
LaTeX Font Info:    Checking defaults for OMS/cmsy/m/n on input line 21.
LaTeX Font Info:    ... okay on input line 21.
LaTeX Font Info:    Checking defaults for OMX/cmex/m/n on input line 21.
LaTeX Font Info:    ... okay on input line 21.
LaTeX Font Info:    Checking defaults for U/cmr/m/n on input line 21.
LaTeX Font Info:    ... okay on input line 21.
LaTeX Font Info:    Checking defaults for PD1/pdf/m/n on input line 21.
LaTeX Font Info:    ... okay on input line 21.
 ("C:\Program Files\MiKTeX 2.9\tex\context\base\supp-pdf.mkii"
[Loading MPS to PDF converter (version 2006.09.02).]
\scratchcounter=\count116
\scratchdimen=\dimen120
\scratchbox=\box33
\nofMPsegments=\count117
\nofMParguments=\count118
\everyMPshowfont=\toks25
\MPscratchCnt=\count119
\MPscratchDim=\dimen121
\MPnumerator=\count120
\makeMPintoPDFobject=\count121
\everyMPtoPDFconversion=\toks26
)
\AtBeginShipoutBox=\box34
Package hyperref Info: Link coloring OFF on input line 21.
 ("C:\Program Files\MiKTeX 2.9\tex\latex\hyperref\nameref.sty"
Package: nameref 2012/10/27 v2.43 Cross-referencing by name of section

("C:\Program Files\MiKTeX 2.9\tex\generic\oberdiek\gettitlestring.sty"
Package: gettitlestring 2010/12/03 v1.4 Cleanup title references (HO)
)
\c@section@level=\count122
)
LaTeX Info: Redefining \ref on input line 21.
LaTeX Info: Redefining \pageref on input line 21.
LaTeX Info: Redefining \nameref on input line 21.

(C:\Users\stefano\Documents\NetBeansProjects\meteo-cal-celli-cereda\rasd\RASD.o
ut)
(C:\Users\stefano\Documents\NetBeansProjects\meteo-cal-celli-cereda\rasd\RASD.o
ut)
\@outlinefile=\write4

(C:\Users\stefano\Documents\NetBeansProjects\meteo-cal-celli-cereda\rasd\title.
tex <./logo.png, id=419, 569.12625pt x 569.12625pt>
File: ./logo.png Graphic file (type png)
 <use ./logo.png>
Package pdftex.def Info: ./logo.png used on input line 5.
(pdftex.def)             Requested size: 103.50105pt x 103.49777pt.
 [1

{C:/ProgramData/MiKTeX/2.9/pdftex/config/pdftex.map} <C:/Users/stefano/Document
s/NetBeansProjects/meteo-cal-celli-cereda/rasd/logo.png>])
LaTeX Font Info:    Try loading font information for OMS+cmr on input line 30.

("C:\Program Files\MiKTeX 2.9\tex\latex\base\omscmr.fd"
File: omscmr.fd 1999/05/25 v2.5h Standard LaTeX font definitions
)
LaTeX Font Info:    Font shape `OMS/cmr/m/n' in size <10> not available
(Font)              Font shape `OMS/cmsy/m/n' tried instead on input line 30.
pdfTeX warning (ext4): destination with the same identifier (name{page.1}) has 
been already used, duplicate ignored
<to be read again> 
                   \relax 
l.50 \end{itemize}
                   [1] [2]
LaTeX Font Info:    Try loading font information for U+msa on input line 103.

("C:\Program Files\MiKTeX 2.9\tex\latex\amsfonts\umsa.fd"
File: umsa.fd 2013/01/14 v3.01 AMS symbols A
)
LaTeX Font Info:    Try loading font information for U+msb on input line 103.

("C:\Program Files\MiKTeX 2.9\tex\latex\amsfonts\umsb.fd"
File: umsb.fd 2013/01/14 v3.01 AMS symbols B
) [3]
<./UI_mockups/01-login.png, id=456, 965.6075pt x 635.37375pt>
File: ./UI_mockups/01-login.png Graphic file (type png)

<use ./UI_mockups/01-login.png>
Package pdftex.def Info: ./UI_mockups/01-login.png used on input line 130.
(pdftex.def)             Requested size: 345.0pt x 227.00865pt.

Overfull \hbox (15.0pt too wide) in paragraph at lines 130--131
[][] 
 []

<./UI_mockups/02-about.png, id=457, 965.6075pt x 635.37375pt>
File: ./UI_mockups/02-about.png Graphic file (type png)

<use ./UI_mockups/02-about.png>
Package pdftex.def Info: ./UI_mockups/02-about.png used on input line 134.
(pdftex.def)             Requested size: 345.0pt x 227.00865pt.

Overfull \hbox (15.0pt too wide) in paragraph at lines 134--135
[][] 
 []

[4

 <C:/Users/stefano/Documents/NetBeansProjects/meteo-cal-celli-cereda/rasd/UI_mo
ckups/01-login.png>]
<./UI_mockups/03-register.png, id=463, 965.6075pt x 635.37375pt>
File: ./UI_mockups/03-register.png Graphic file (type png)

<use ./UI_mockups/03-register.png>
Package pdftex.def Info: ./UI_mockups/03-register.png used on input line 139.
(pdftex.def)             Requested size: 345.0pt x 227.00865pt.

Overfull \hbox (15.0pt too wide) in paragraph at lines 139--140
[][] 
 []

<./UI_mockups/04-registered_home.png, id=464, 1108.14pt x 726.715pt>
File: ./UI_mockups/04-registered_home.png Graphic file (type png)

<use ./UI_mockups/04-registered_home.png>
Package pdftex.def Info: ./UI_mockups/04-registered_home.png used on input line
 144.
(pdftex.def)             Requested size: 345.0pt x 226.24403pt.

Overfull \hbox (15.0pt too wide) in paragraph at lines 144--145
[][] 
 []

[5 <C:/Users/stefano/Documents/NetBeansProjects/meteo-cal-celli-cereda/rasd/UI_
mockups/02-about.png> <C:/Users/stefano/Documents/NetBeansProjects/meteo-cal-ce
lli-cereda/rasd/UI_mockups/03-register.png>]
<./UI_mockups/05-create_event.png, id=471, 1065.9825pt x 701.62125pt>
File: ./UI_mockups/05-create_event.png Graphic file (type png)

<use ./UI_mockups/05-create_event.png>
Package pdftex.def Info: ./UI_mockups/05-create_event.png used on input line 15
0.
(pdftex.def)             Requested size: 345.0pt x 227.07138pt.

Overfull \hbox (15.0pt too wide) in paragraph at lines 150--151
[][] 
 []

<./UI_mockups/06-invite_received.png, id=472, 552.0625pt x 193.72375pt>
File: ./UI_mockups/06-invite_received.png Graphic file (type png)

<use ./UI_mockups/06-invite_received.png>
Package pdftex.def Info: ./UI_mockups/06-invite_received.png used on input line
 155.
(pdftex.def)             Requested size: 345.0pt x 121.06816pt.

Overfull \hbox (15.0pt too wide) in paragraph at lines 155--156
[][] 
 []

[6 <C:/Users/stefano/Documents/NetBeansProjects/meteo-cal-celli-cereda/rasd/UI_
mockups/04-registered_home.png> <C:/Users/stefano/Documents/NetBeansProjects/me
teo-cal-celli-cereda/rasd/UI_mockups/05-create_event.png>]
<./UI_mockups/07-bad_weather_three_days.png, id=480, 552.0625pt x 263.98625pt>
File: ./UI_mockups/07-bad_weather_three_days.png Graphic file (type png)

<use ./UI_mockups/07-bad_weather_three_days.png>
Package pdftex.def Info: ./UI_mockups/07-bad_weather_three_days.png used on inp
ut line 160.
(pdftex.def)             Requested size: 345.0pt x 164.97891pt.

Overfull \hbox (15.0pt too wide) in paragraph at lines 160--161
[][] 
 []

<./UI_mockups/11-bad_weather_one_day.png, id=481, 552.0625pt x 193.72375pt>
File: ./UI_mockups/11-bad_weather_one_day.png Graphic file (type png)

<use ./UI_mockups/11-bad_weather_one_day.png>
Package pdftex.def Info: ./UI_mockups/11-bad_weather_one_day.png used on input 
line 164.
(pdftex.def)             Requested size: 345.0pt x 121.06816pt.

Overfull \hbox (15.0pt too wide) in paragraph at lines 164--165
[][] 
 []

<./UI_mockups/08-search.png, id=482, 1018.80624pt x 669.50125pt>
File: ./UI_mockups/08-search.png Graphic file (type png)

<use ./UI_mockups/08-search.png>
Package pdftex.def Info: ./UI_mockups/08-search.png used on input line 168.
(pdftex.def)             Requested size: 345.0pt x 226.71822pt.

Overfull \hbox (15.0pt too wide) in paragraph at lines 168--169
[][] 
 []

[7 <C:/Users/stefano/Documents/NetBeansProjects/meteo-cal-celli-cereda/rasd/UI_
mockups/06-invite_received.png> <C:/Users/stefano/Documents/NetBeansProjects/me
teo-cal-celli-cereda/rasd/UI_mockups/07-bad_weather_three_days.png> <C:/Users/s
tefano/Documents/NetBeansProjects/meteo-cal-celli-cereda/rasd/UI_mockups/11-bad
_weather_one_day.png>]
<./UI_mockups/09-other_calendar.png, id=490, 1094.0875pt x 718.685pt>
File: ./UI_mockups/09-other_calendar.png Graphic file (type png)

<use ./UI_mockups/09-other_calendar.png>
Package pdftex.def Info: ./UI_mockups/09-other_calendar.png used on input line 
172.
(pdftex.def)             Requested size: 345.0pt x 226.62822pt.

Overfull \hbox (15.0pt too wide) in paragraph at lines 172--173
[][] 
 []

<./UI_mockups/10-settings.png, id=491, 956.57375pt x 628.3475pt>
File: ./UI_mockups/10-settings.png Graphic file (type png)

<use ./UI_mockups/10-settings.png>
Package pdftex.def Info: ./UI_mockups/10-settings.png used on input line 177.
(pdftex.def)             Requested size: 345.0pt x 226.6172pt.

Overfull \hbox (15.0pt too wide) in paragraph at lines 177--178
[][] 
 []

[8 <C:/Users/stefano/Documents/NetBeansProjects/meteo-cal-celli-cereda/rasd/UI_
mockups/08-search.png> <C:/Users/stefano/Documents/NetBeansProjects/meteo-cal-c
elli-cereda/rasd/UI_mockups/09-other_calendar.png>] [9 <C:/Users/stefano/Docume
nts/NetBeansProjects/meteo-cal-celli-cereda/rasd/UI_mockups/10-settings.png>]
[10] [11] [12] [13]
<./UI_mockups/storyboard.png, id=547, 902.37125pt x 772.8875pt>
File: ./UI_mockups/storyboard.png Graphic file (type png)

<use ./UI_mockups/storyboard.png>
Package pdftex.def Info: ./UI_mockups/storyboard.png used on input line 363.
(pdftex.def)             Requested size: 345.0pt x 295.49287pt.

Overfull \hbox (48.88582pt too wide) in paragraph at lines 381--390
[] 
 []

[14

 <C:/Users/stefano/Documents/NetBeansProjects/meteo-cal-celli-cereda/rasd/UI_mo
ckups/storyboard.png>]
Overfull \hbox (48.88582pt too wide) in paragraph at lines 392--404
[] 
 []


Overfull \hbox (48.88582pt too wide) in paragraph at lines 406--417
[] 
 []

[15]
Overfull \hbox (48.88582pt too wide) in paragraph at lines 419--431
[] 
 []


Overfull \hbox (48.88582pt too wide) in paragraph at lines 433--445
[] 
 []

[16]
Overfull \hbox (48.88582pt too wide) in paragraph at lines 447--459
[] 
 []


Overfull \hbox (48.88582pt too wide) in paragraph at lines 461--475
[] 
 []

[17]
Overfull \hbox (48.88582pt too wide) in paragraph at lines 477--490
[] 
 []


Overfull \hbox (48.88582pt too wide) in paragraph at lines 492--504
[] 
 []

[18]
Overfull \hbox (48.88582pt too wide) in paragraph at lines 506--518
[] 
 []


Overfull \hbox (48.88582pt too wide) in paragraph at lines 520--532
[] 
 []

[19]
Overfull \hbox (48.88582pt too wide) in paragraph at lines 534--547
[] 
 []


Overfull \hbox (48.88582pt too wide) in paragraph at lines 549--563
[] 
 []

[20]
Overfull \hbox (48.88582pt too wide) in paragraph at lines 565--578
[] 
 []

[21]
Overfull \hbox (48.88582pt too wide) in paragraph at lines 580--592
[] 
 []


Overfull \hbox (48.88582pt too wide) in paragraph at lines 594--609
[] 
 []

[22] <./Uml/ClassDiagram.png, id=623, 1055.945pt x 570.13pt>
File: ./Uml/ClassDiagram.png Graphic file (type png)

<use ./Uml/ClassDiagram.png>
Package pdftex.def Info: ./Uml/ClassDiagram.png used on input line 614.
(pdftex.def)             Requested size: 345.0pt x 186.27309pt.
 [23 <C:/Users/stefano/Documents/NetBeansProjects/meteo-cal-celli-cereda/rasd/U
ml/ClassDiagram.png>]
<./Uml/StateDiagram_invite.png, id=633, 193.47281pt x 240.9pt>
File: ./Uml/StateDiagram_invite.png Graphic file (type png)

<use ./Uml/StateDiagram_invite.png>
Package pdftex.def Info: ./Uml/StateDiagram_invite.png used on input line 625.
(pdftex.def)             Requested size: 159.96243pt x 199.16928pt.

<./Uml/StateDiagram_3day.png, id=635, 192.72pt x 233.37187pt>
File: ./Uml/StateDiagram_3day.png Graphic file (type png)

<use ./Uml/StateDiagram_3day.png>
Package pdftex.def Info: ./Uml/StateDiagram_3day.png used on input line 633.
(pdftex.def)             Requested size: 164.48323pt x 199.16928pt.

<./Uml/StateDiagram_badWeather_eventChanged.png, id=637, 80.55093pt x 180.675pt
>
File: ./Uml/StateDiagram_badWeather_eventChanged.png Graphic file (type png)
 <use ./Uml/StateDiagram_badWeather_eventChanged.png>
Package pdftex.def Info: ./Uml/StateDiagram_badWeather_eventChanged.png used on
 input line 641.
(pdftex.def)             Requested size: 63.42682pt x 142.26378pt.


LaTeX Warning: `!h' float specifier changed to `!ht'.

<./Uml/ActivityDiagram.png, id=639, 1033.8625pt x 658.46pt>
File: ./Uml/ActivityDiagram.png Graphic file (type png)

<use ./Uml/ActivityDiagram.png>
Package pdftex.def Info: ./Uml/ActivityDiagram.png used on input line 650.
(pdftex.def)             Requested size: 312.71677pt x 199.16928pt.
 [24 <C:/Users/stefano/Documents/NetBeansProjects/meteo-cal-celli-cereda/rasd/U
ml/StateDiagram_invite.png> <C:/Users/stefano/Documents/NetBeansProjects/meteo-
cal-celli-cereda/rasd/Uml/StateDiagram_3day.png>] <./Use_case/unlogged_usecase.
png, id=651, 545.03625pt x 337.26pt>
File: ./Use_case/unlogged_usecase.png Graphic file (type png)

<use ./Use_case/unlogged_usecase.png>
Package pdftex.def Info: ./Use_case/unlogged_usecase.png used on input line 667
.
(pdftex.def)             Requested size: 345.0pt x 213.47842pt.
 [25 <C:/Users/stefano/Documents/NetBeansProjects/meteo-cal-celli-cereda/rasd/U
ml/StateDiagram_badWeather_eventChanged.png> <C:/Users/stefano/Documents/NetBea
nsProjects/meteo-cal-celli-cereda/rasd/Uml/ActivityDiagram.png>] [26 <C:/Users/
stefano/Documents/NetBeansProjects/meteo-cal-celli-cereda/rasd/Use_case/unlogge
d_usecase.png>]
Underfull \hbox (badness 10000) in paragraph at lines 698--698
[]\OT1/cmr/m/n/10 Special re-quire-
 []


Underfull \hbox (badness 10000) in paragraph at lines 699--699
[]\OT1/cmr/m/n/10 Nonfunctional
 []

<./Sequence_diag/USC001.png, id=665, 277.78781pt x 305.64188pt>
File: ./Sequence_diag/USC001.png Graphic file (type png)

<use ./Sequence_diag/USC001.png>
Package pdftex.def Info: ./Sequence_diag/USC001.png used on input line 704.
(pdftex.def)             Requested size: 345.0pt x 379.59827pt.

Overfull \hbox (48.88582pt too wide) in paragraph at lines 675--708
[]
 []


LaTeX Warning: `h' float specifier changed to `ht'.

[27

] [28 <C:/Users/stefano/Documents/NetBeansProjects/meteo-cal-celli-cereda/rasd/
Sequence_diag/USC001.png>]
Underfull \hbox (badness 10000) in paragraph at lines 733--733
[]\OT1/cmr/m/n/10 Special re-quire-
 []


Underfull \hbox (badness 10000) in paragraph at lines 734--734
[]\OT1/cmr/m/n/10 Nonfunctional
 []

<./Sequence_diag/USC002.png, id=682, 330.48468pt x 296.60812pt>
File: ./Sequence_diag/USC002.png Graphic file (type png)

<use ./Sequence_diag/USC002.png>
Package pdftex.def Info: ./Sequence_diag/USC002.png used on input line 739.
(pdftex.def)             Requested size: 345.0pt x 309.64641pt.

Overfull \hbox (48.88582pt too wide) in paragraph at lines 712--743
[]
 []


LaTeX Warning: `h' float specifier changed to `ht'.

[29

] [30 <C:/Users/stefano/Documents/NetBeansProjects/meteo-cal-celli-cereda/rasd/
Sequence_diag/USC002.png>]
<./Use_case/logged_usecase_simple.png, id=703, 937.5025pt x 685.56125pt>
File: ./Use_case/logged_usecase_simple.png Graphic file (type png)

<use ./Use_case/logged_usecase_simple.png>
Package pdftex.def Info: ./Use_case/logged_usecase_simple.png used on input lin
e 750.
(pdftex.def)             Requested size: 345.0pt x 252.28333pt.

<./Use_case/logged_usecase.png, id=704, 1146.2825pt x 1287.81125pt>
File: ./Use_case/logged_usecase.png Graphic file (type png)

<use ./Use_case/logged_usecase.png>
Package pdftex.def Info: ./Use_case/logged_usecase.png used on input line 757.
(pdftex.def)             Requested size: 455.24408pt x 511.4604pt.

Overfull \hbox (110.24408pt too wide) in paragraph at lines 757--758
 [][] 
 []


LaTeX Warning: `!h' float specifier changed to `!ht'.

[31

 <C:/Users/stefano/Documents/NetBeansProjects/meteo-cal-celli-cereda/rasd/Use_c
ase/logged_usecase_simple.png>] [32 <C:/Users/stefano/Documents/NetBeansProject
s/meteo-cal-celli-cereda/rasd/Use_case/logged_usecase.png>]
Underfull \hbox (badness 10000) in paragraph at lines 790--790
[]\OT1/cmr/m/n/10 Special re-quire-
 []


Underfull \hbox (badness 10000) in paragraph at lines 791--791
[]\OT1/cmr/m/n/10 Nonfunctional
 []

<./Sequence_diag/USC003.png, id=717, 336.50719pt x 177.66376pt>
File: ./Sequence_diag/USC003.png Graphic file (type png)

<use ./Sequence_diag/USC003.png>
Package pdftex.def Info: ./Sequence_diag/USC003.png used on input line 796.
(pdftex.def)             Requested size: 345.0pt x 182.14989pt.

Overfull \hbox (48.88582pt too wide) in paragraph at lines 765--800
[]
 []


LaTeX Warning: `h' float specifier changed to `ht'.

[33

] [34 <C:/Users/stefano/Documents/NetBeansProjects/meteo-cal-celli-cereda/rasd/
Sequence_diag/USC003.png>]
Underfull \hbox (badness 10000) in paragraph at lines 831--831
[]\OT1/cmr/m/n/10 Nonfunctional
 []

<./Sequence_diag/USC004.png, id=735, 308.65312pt x 233.37187pt>
File: ./Sequence_diag/USC004.png Graphic file (type png)

<use ./Sequence_diag/USC004.png>
Package pdftex.def Info: ./Sequence_diag/USC004.png used on input line 836.
(pdftex.def)             Requested size: 345.0pt x 260.87616pt.

Overfull \hbox (48.88582pt too wide) in paragraph at lines 804--840
[]
 []


LaTeX Warning: `h' float specifier changed to `ht'.

[35

] [36 <C:/Users/stefano/Documents/NetBeansProjects/meteo-cal-celli-cereda/rasd/
Sequence_diag/USC004.png>]
Underfull \hbox (badness 10000) in paragraph at lines 866--866
[]\OT1/cmr/m/n/10 Special re-quire-
 []


Underfull \hbox (badness 10000) in paragraph at lines 867--867
[]\OT1/cmr/m/n/10 Nonfunctional
 []

<./Sequence_diag/USC005.png, id=756, 245.41687pt x 183.68625pt>
File: ./Sequence_diag/USC005.png Graphic file (type png)

<use ./Sequence_diag/USC005.png>
Package pdftex.def Info: ./Sequence_diag/USC005.png used on input line 872.
(pdftex.def)             Requested size: 345.0pt x 258.22963pt.

Overfull \hbox (48.88582pt too wide) in paragraph at lines 844--876
[]
 []


LaTeX Warning: `h' float specifier changed to `ht'.

[37

] [38 <C:/Users/stefano/Documents/NetBeansProjects/meteo-cal-celli-cereda/rasd/
Sequence_diag/USC005.png>]
Underfull \hbox (badness 10000) in paragraph at lines 899--899
[]\OT1/cmr/m/n/10 Special re-quire-
 []


Underfull \hbox (badness 10000) in paragraph at lines 900--900
[]\OT1/cmr/m/n/10 Nonfunctional
 []

<./Sequence_diag/USC006.png, id=775, 378.66469pt x 225.84375pt>
File: ./Sequence_diag/USC006.png Graphic file (type png)

<use ./Sequence_diag/USC006.png>
Package pdftex.def Info: ./Sequence_diag/USC006.png used on input line 905.
(pdftex.def)             Requested size: 345.0pt x 205.76624pt.

Overfull \hbox (48.88582pt too wide) in paragraph at lines 880--909
[]
 []


LaTeX Warning: `h' float specifier changed to `ht'.

[39

] [40 <C:/Users/stefano/Documents/NetBeansProjects/meteo-cal-celli-cereda/rasd/
Sequence_diag/USC006.png>]
Underfull \hbox (badness 10000) in paragraph at lines 934--934
[]\OT1/cmr/m/n/10 Special re-quire-
 []


Underfull \hbox (badness 10000) in paragraph at lines 935--935
[]\OT1/cmr/m/n/10 Nonfunctional
 []

<./Sequence_diag/USC007.png, id=791, 399.74344pt x 286.82156pt>
File: ./Sequence_diag/USC007.png Graphic file (type png)

<use ./Sequence_diag/USC007.png>
Package pdftex.def Info: ./Sequence_diag/USC007.png used on input line 940.
(pdftex.def)             Requested size: 345.0pt x 247.55453pt.

Overfull \hbox (48.88582pt too wide) in paragraph at lines 913--944
[]
 []


LaTeX Warning: `h' float specifier changed to `ht'.

[41

] [42 <C:/Users/stefano/Documents/NetBeansProjects/meteo-cal-celli-cereda/rasd/
Sequence_diag/USC007.png>]
Underfull \hbox (badness 10000) in paragraph at lines 971--971
[]\OT1/cmr/m/n/10 Special re-quire-
 []


Underfull \hbox (badness 10000) in paragraph at lines 972--972
[]\OT1/cmr/m/n/10 Nonfunctional
 []

<./Sequence_diag/USC008.png, id=810, 752.8125pt x 596.2275pt>
File: ./Sequence_diag/USC008.png Graphic file (type png)

<use ./Sequence_diag/USC008.png>
Package pdftex.def Info: ./Sequence_diag/USC008.png used on input line 977.
(pdftex.def)             Requested size: 345.0pt x 273.24904pt.

Overfull \hbox (48.88582pt too wide) in paragraph at lines 948--981
[]
 []


LaTeX Warning: `h' float specifier changed to `ht'.

[43

] [44 <C:/Users/stefano/Documents/NetBeansProjects/meteo-cal-celli-cereda/rasd/
Sequence_diag/USC008.png>]
Underfull \hbox (badness 10000) in paragraph at lines 1012--1012
[]\OT1/cmr/m/n/10 Special re-quire-
 []


Underfull \hbox (badness 10000) in paragraph at lines 1013--1013
[]\OT1/cmr/m/n/10 Nonfunctional
 []

<./Sequence_diag/USC009.png, id=830, 752.8125pt x 596.2275pt>
File: ./Sequence_diag/USC009.png Graphic file (type png)

<use ./Sequence_diag/USC009.png>
Package pdftex.def Info: ./Sequence_diag/USC009.png used on input line 1018.
(pdftex.def)             Requested size: 345.0pt x 273.24904pt.

Overfull \hbox (48.88582pt too wide) in paragraph at lines 985--1022
[]
 []


LaTeX Warning: `h' float specifier changed to `ht'.

[45

] [46 <C:/Users/stefano/Documents/NetBeansProjects/meteo-cal-celli-cereda/rasd/
Sequence_diag/USC009.png>]
Underfull \hbox (badness 10000) in paragraph at lines 1049--1049
[]\OT1/cmr/m/n/10 Special re-quire-
 []


Underfull \hbox (badness 10000) in paragraph at lines 1050--1050
[]\OT1/cmr/m/n/10 Nonfunctional
 []

<./Sequence_diag/USC010.png, id=851, 531.9875pt x 361.35pt>
File: ./Sequence_diag/USC010.png Graphic file (type png)

<use ./Sequence_diag/USC010.png>
Package pdftex.def Info: ./Sequence_diag/USC010.png used on input line 1055.
(pdftex.def)             Requested size: 345.0pt x 234.3454pt.

Overfull \hbox (48.88582pt too wide) in paragraph at lines 1026--1059
[]
 []


LaTeX Warning: `h' float specifier changed to `ht'.

[47

] [48 <C:/Users/stefano/Documents/NetBeansProjects/meteo-cal-celli-cereda/rasd/
Sequence_diag/USC010.png>]
Underfull \hbox (badness 10000) in paragraph at lines 1090--1090
[]\OT1/cmr/m/n/10 Special re-quire-
 []


Underfull \hbox (badness 10000) in paragraph at lines 1091--1091
[]\OT1/cmr/m/n/10 Nonfunctional
 []

<./Sequence_diag/USC011.png, id=872, 516.93124pt x 251.94125pt>
File: ./Sequence_diag/USC011.png Graphic file (type png)

<use ./Sequence_diag/USC011.png>
Package pdftex.def Info: ./Sequence_diag/USC011.png used on input line 1096.
(pdftex.def)             Requested size: 345.0pt x 168.15007pt.

Overfull \hbox (48.88582pt too wide) in paragraph at lines 1063--1100
[]
 []


LaTeX Warning: `h' float specifier changed to `ht'.

[49

] [50 <C:/Users/stefano/Documents/NetBeansProjects/meteo-cal-celli-cereda/rasd/
Sequence_diag/USC011.png>]
Underfull \hbox (badness 10000) in paragraph at lines 1131--1131
[]\OT1/cmr/m/n/10 Special re-quire-
 []


Underfull \hbox (badness 10000) in paragraph at lines 1132--1132
[]\OT1/cmr/m/n/10 Nonfunctional
 []

<./Sequence_diag/USC012.png, id=890, 629.35126pt x 566.115pt>
File: ./Sequence_diag/USC012.png Graphic file (type png)

<use ./Sequence_diag/USC012.png>
Package pdftex.def Info: ./Sequence_diag/USC012.png used on input line 1137.
(pdftex.def)             Requested size: 345.0pt x 310.33626pt.

Overfull \hbox (48.88582pt too wide) in paragraph at lines 1104--1141
[]
 []


LaTeX Warning: `h' float specifier changed to `ht'.

[51

] [52 <C:/Users/stefano/Documents/NetBeansProjects/meteo-cal-celli-cereda/rasd/
Sequence_diag/USC012.png>]
Underfull \hbox (badness 10000) in paragraph at lines 1177--1177
[]|\OT1/cmr/m/n/10 Special re-quire-
 []


Underfull \hbox (badness 10000) in paragraph at lines 1178--1178
[]|\OT1/cmr/m/n/10 Nonfunctional
 []


Overfull \hbox (48.88582pt too wide) in alignment at lines 1145--1180
 [] [] 
 []


Underfull \vbox (badness 10000) detected at line 1180
 []

[53

] <./Sequence_diag/USC013.png, id=929, 760.8425pt x 610.28pt>
File: ./Sequence_diag/USC013.png Graphic file (type png)

<use ./Sequence_diag/USC013.png>
Package pdftex.def Info: ./Sequence_diag/USC013.png used on input line 1183.
(pdftex.def)             Requested size: 345.0pt x 276.7373pt.
 [54 <C:/Users/stefano/Documents/NetBeansProjects/meteo-cal-celli-cereda/rasd/S
equence_diag/USC013.png>]
Underfull \hbox (badness 10000) in paragraph at lines 1218--1218
[]\OT1/cmr/m/n/10 Special re-quire-
 []


Underfull \hbox (badness 10000) in paragraph at lines 1219--1219
[]\OT1/cmr/m/n/10 Nonfunctional
 []

<./Sequence_diag/USC014.png, id=937, 684.5575pt x 506.89375pt>
File: ./Sequence_diag/USC014.png Graphic file (type png)

<use ./Sequence_diag/USC014.png>
Package pdftex.def Info: ./Sequence_diag/USC014.png used on input line 1224.
(pdftex.def)             Requested size: 345.0pt x 255.46497pt.

Overfull \hbox (48.88582pt too wide) in paragraph at lines 1191--1228
[]
 []


LaTeX Warning: `h' float specifier changed to `ht'.

[55

] [56 <C:/Users/stefano/Documents/NetBeansProjects/meteo-cal-celli-cereda/rasd/
Sequence_diag/USC014.png>]
Underfull \hbox (badness 10000) in paragraph at lines 1261--1261
[]\OT1/cmr/m/n/10 Special re-quire-
 []


Underfull \hbox (badness 10000) in paragraph at lines 1262--1262
[]\OT1/cmr/m/n/10 Nonfunctional
 []

<./Sequence_diag/USC015.png, id=958, 677.53125pt x 486.81876pt>
File: ./Sequence_diag/USC015.png Graphic file (type png)

<use ./Sequence_diag/USC015.png>
Package pdftex.def Info: ./Sequence_diag/USC015.png used on input line 1267.
(pdftex.def)             Requested size: 345.0pt x 247.89543pt.

Overfull \hbox (48.88582pt too wide) in paragraph at lines 1232--1271
[]
 []


LaTeX Warning: `h' float specifier changed to `ht'.

[57

] [58 <C:/Users/stefano/Documents/NetBeansProjects/meteo-cal-celli-cereda/rasd/
Sequence_diag/USC015.png>]
Underfull \hbox (badness 10000) in paragraph at lines 1303--1303
[]\OT1/cmr/m/n/10 Special re-quire-
 []


Underfull \hbox (badness 10000) in paragraph at lines 1304--1304
[]\OT1/cmr/m/n/10 Nonfunctional
 []

<./Sequence_diag/USC016.png, id=979, 700.6175pt x 398.48875pt>
File: ./Sequence_diag/USC016.png Graphic file (type png)

<use ./Sequence_diag/USC016.png>
Package pdftex.def Info: ./Sequence_diag/USC016.png used on input line 1309.
(pdftex.def)             Requested size: 345.0pt x 196.22798pt.

Overfull \hbox (48.88582pt too wide) in paragraph at lines 1275--1313
[]
 []


LaTeX Warning: `h' float specifier changed to `ht'.

[59

] [60 <C:/Users/stefano/Documents/NetBeansProjects/meteo-cal-celli-cereda/rasd/
Sequence_diag/USC016.png>] [61]
<./Alloy/AlloyOutput.png, id=1004, 423.08063pt x 177.66376pt>
File: ./Alloy/AlloyOutput.png Graphic file (type png)

<use ./Alloy/AlloyOutput.png>
Package pdftex.def Info: ./Alloy/AlloyOutput.png used on input line 1357.
(pdftex.def)             Requested size: 345.0pt x 144.88007pt.

<./Alloy/ShowSimple.png, id=1006, 399.4925pt x 424.58624pt>
File: ./Alloy/ShowSimple.png Graphic file (type png)

<use ./Alloy/ShowSimple.png>
Package pdftex.def Info: ./Alloy/ShowSimple.png used on input line 1368.
(pdftex.def)             Requested size: 345.0pt x 366.68546pt.


LaTeX Warning: `!h' float specifier changed to `!ht'.

<./Alloy/ShowInvite.png, id=1008, 637.38126pt x 420.57124pt>
File: ./Alloy/ShowInvite.png Graphic file (type png)

<use ./Alloy/ShowInvite.png>
Package pdftex.def Info: ./Alloy/ShowInvite.png used on input line 1376.
(pdftex.def)             Requested size: 345.0pt x 227.64415pt.


LaTeX Warning: `!h' float specifier changed to `!ht'.

<./Alloy/ShowForecast.png, id=1010, 542.025pt x 430.60875pt>
File: ./Alloy/ShowForecast.png Graphic file (type png)

<use ./Alloy/ShowForecast.png>
Package pdftex.def Info: ./Alloy/ShowForecast.png used on input line 1384.
(pdftex.def)             Requested size: 345.0pt x 274.09056pt.


LaTeX Warning: `!h' float specifier changed to `!ht'.

<./Alloy/ShowComplex.png, id=1012, 451.6875pt x 1149.29375pt>
File: ./Alloy/ShowComplex.png Graphic file (type png)

<use ./Alloy/ShowComplex.png>
Package pdftex.def Info: ./Alloy/ShowComplex.png used on input line 1392.
(pdftex.def)             Requested size: 256.0748pt x 651.5969pt.


LaTeX Warning: Float too large for page by 77.54134pt on input line 1395.


LaTeX Warning: `!h' float specifier changed to `!ht'.

[62

 <C:/Users/stefano/Documents/NetBeansProjects/meteo-cal-celli-cereda/rasd/Alloy
/AlloyOutput.png>] [63 <C:/Users/stefano/Documents/NetBeansProjects/meteo-cal-c
elli-cereda/rasd/Alloy/ShowSimple.png>] [64 <C:/Users/stefano/Documents/NetBean
sProjects/meteo-cal-celli-cereda/rasd/Alloy/ShowInvite.png> <C:/Users/stefano/D
ocuments/NetBeansProjects/meteo-cal-celli-cereda/rasd/Alloy/ShowForecast.png>] 
[65 <C:/Users/stefano/Documents/NetBeansProjects/meteo-cal-celli-cereda/rasd/Al
loy/ShowComplex.png>] [66

]
(C:\Users\stefano\Documents\NetBeansProjects\meteo-cal-celli-cereda\rasd\RASD.t
oc [67

] [68])
\tf@toc=\write5
Package atveryend Info: Empty hook `BeforeClearDocument' on input line 1418.
 [69]
Package atveryend Info: Empty hook `AfterLastShipout' on input line 1418.

(C:\Users\stefano\Documents\NetBeansProjects\meteo-cal-celli-cereda\rasd\RASD.a
ux)
Package atveryend Info: Executing hook `AtVeryEndDocument' on input line 1418.
Package atveryend Info: Executing hook `AtEndAfterFileList' on input line 1418.

Package rerunfilecheck Info: File `RASD.out' has not changed.
(rerunfilecheck)             Checksum: 297F8B8AA5D4907D248A5839B0FF4371;7836.
Package atveryend Info: Empty hook `AtVeryVeryEnd' on input line 1418.
 ) 
Here is how much of TeX's memory you used:
 7174 strings out of 493921
 103990 string characters out of 3147276
 188263 words of memory out of 3000000
 9939 multiletter control sequences out of 15000+200000
 9182 words of font info for 35 fonts, out of 3000000 for 9000
 841 hyphenation exceptions out of 8191
 29i,9n,28p,940b,465s stack positions out of 5000i,500n,10000p,200000b,50000s
<C:/Program Files/MiKTeX 2.9/fonts/type1/public/amsfonts/cm/cmbx10.pfb><C:/Pr
ogram Files/MiKTeX 2.9/fonts/type1/public/amsfonts/cm/cmbx12.pfb><C:/Program Fi
les/MiKTeX 2.9/fonts/type1/public/amsfonts/cm/cmcsc10.pfb><C:/Program Files/MiK
TeX 2.9/fonts/type1/public/amsfonts/cm/cmr10.pfb><C:/Program Files/MiKTeX 2.9/f
onts/type1/public/amsfonts/cm/cmr12.pfb><C:/Program Files/MiKTeX 2.9/fonts/type
1/public/amsfonts/cm/cmsy10.pfb><C:/Program Files/MiKTeX 2.9/fonts/type1/public
/amsfonts/cm/cmti12.pfb><C:/Program Files/MiKTeX 2.9/fonts/type1/public/amsfont
s/cm/cmtt10.pfb>
Output written on RASD.pdf (70 pages, 2354965 bytes).
PDF statistics:
 1275 PDF objects out of 1440 (max. 8388607)
 410 named destinations out of 1000 (max. 500000)
 1043 words of extra memory for PDF output out of 10000 (max. 10000000)

