\BOOKMARK [0][-]{part.1}{I Introduction}{}% 1
\BOOKMARK [1][-]{section.1}{Purpose}{part.1}% 2
\BOOKMARK [1][-]{section.2}{Scope}{part.1}% 3
\BOOKMARK [1][-]{section.3}{Definitions and acronyms}{part.1}% 4
\BOOKMARK [2][-]{subsection.3.1}{Definitions}{section.3}% 5
\BOOKMARK [2][-]{subsection.3.2}{Acronyms and abbreviations}{section.3}% 6
\BOOKMARK [1][-]{section.4}{Reference documents}{part.1}% 7
\BOOKMARK [1][-]{section.5}{Overview}{part.1}% 8
\BOOKMARK [0][-]{part.2}{II Overall description}{}% 9
\BOOKMARK [1][-]{section.6}{Product perspective}{part.2}% 10
\BOOKMARK [2][-]{subsection.6.1}{System interfaces}{section.6}% 11
\BOOKMARK [2][-]{subsection.6.2}{User interfaces}{section.6}% 12
\BOOKMARK [2][-]{subsection.6.3}{Hardware interfaces}{section.6}% 13
\BOOKMARK [2][-]{subsection.6.4}{Software interfaces}{section.6}% 14
\BOOKMARK [3][-]{subsubsection.6.4.1}{Database management system}{subsection.6.4}% 15
\BOOKMARK [3][-]{subsubsection.6.4.2}{Application server}{subsection.6.4}% 16
\BOOKMARK [3][-]{subsubsection.6.4.3}{Operating system}{subsection.6.4}% 17
\BOOKMARK [2][-]{subsection.6.5}{Communication interfaces}{section.6}% 18
\BOOKMARK [2][-]{subsection.6.6}{Memory}{section.6}% 19
\BOOKMARK [2][-]{subsection.6.7}{Operations}{section.6}% 20
\BOOKMARK [2][-]{subsection.6.8}{Site adaptation requirements}{section.6}% 21
\BOOKMARK [1][-]{section.7}{Product functions}{part.2}% 22
\BOOKMARK [2][-]{subsection.7.1}{General requirements}{section.7}% 23
\BOOKMARK [3][-]{subsubsection.7.1.1}{Managing users}{subsection.7.1}% 24
\BOOKMARK [3][-]{subsubsection.7.1.2}{Managing calendars}{subsection.7.1}% 25
\BOOKMARK [3][-]{subsubsection.7.1.3}{Managing weather forecasts}{subsection.7.1}% 26
\BOOKMARK [1][-]{section.8}{User characteristics}{part.2}% 27
\BOOKMARK [1][-]{section.9}{Constraints}{part.2}% 28
\BOOKMARK [2][-]{subsection.9.1}{Regulatory policies}{section.9}% 29
\BOOKMARK [2][-]{subsection.9.2}{Hardware limitations}{section.9}% 30
\BOOKMARK [2][-]{subsection.9.3}{Software limitations}{section.9}% 31
\BOOKMARK [2][-]{subsection.9.4}{Interfaces to other applications}{section.9}% 32
\BOOKMARK [2][-]{subsection.9.5}{Parallel operation}{section.9}% 33
\BOOKMARK [2][-]{subsection.9.6}{Audit functions}{section.9}% 34
\BOOKMARK [2][-]{subsection.9.7}{Control functions}{section.9}% 35
\BOOKMARK [2][-]{subsection.9.8}{Higher-order language requirements}{section.9}% 36
\BOOKMARK [2][-]{subsection.9.9}{Signal handshake protocols}{section.9}% 37
\BOOKMARK [2][-]{subsection.9.10}{Reliability requirements}{section.9}% 38
\BOOKMARK [2][-]{subsection.9.11}{Criticality of the application}{section.9}% 39
\BOOKMARK [2][-]{subsection.9.12}{Safety and security considerations}{section.9}% 40
\BOOKMARK [1][-]{section.10}{Assumptions and dependencies}{part.2}% 41
\BOOKMARK [1][-]{section.11}{Apportioning of requirements}{part.2}% 42
\BOOKMARK [0][-]{part.3}{III Specific requirements}{}% 43
\BOOKMARK [1][-]{section.12}{External interface requirements}{part.3}% 44
\BOOKMARK [2][-]{subsection.12.1}{User interfaces}{section.12}% 45
\BOOKMARK [2][-]{subsection.12.2}{Hardware interfaces}{section.12}% 46
\BOOKMARK [2][-]{subsection.12.3}{Software interfaces}{section.12}% 47
\BOOKMARK [2][-]{subsection.12.4}{Communications interfaces}{section.12}% 48
\BOOKMARK [1][-]{section.13}{Functional Requirements}{part.3}% 49
\BOOKMARK [2][-]{subsection.13.1}{Scenarios}{section.13}% 50
\BOOKMARK [3][-]{subsubsection.13.1.1}{Registering in the system }{subsection.13.1}% 51
\BOOKMARK [3][-]{subsubsection.13.1.2}{User logs into the system}{subsection.13.1}% 52
\BOOKMARK [3][-]{subsubsection.13.1.3}{User creates an event}{subsection.13.1}% 53
\BOOKMARK [3][-]{subsubsection.13.1.4}{User modifies an event}{subsection.13.1}% 54
\BOOKMARK [3][-]{subsubsection.13.1.5}{User views his calendar}{subsection.13.1}% 55
\BOOKMARK [3][-]{subsubsection.13.1.6}{User deletes an event}{subsection.13.1}% 56
\BOOKMARK [3][-]{subsubsection.13.1.7}{User invites another user to his event}{subsection.13.1}% 57
\BOOKMARK [3][-]{subsubsection.13.1.8}{Invited user accepts}{subsection.13.1}% 58
\BOOKMARK [3][-]{subsubsection.13.1.9}{User declines an event invite}{subsection.13.1}% 59
\BOOKMARK [3][-]{subsubsection.13.1.10}{User search the calendar of another user }{subsection.13.1}% 60
\BOOKMARK [3][-]{subsubsection.13.1.11}{A user looks through the calendar of another user}{subsection.13.1}% 61
\BOOKMARK [3][-]{subsubsection.13.1.12}{The user receives the bad weather alert}{subsection.13.1}% 62
\BOOKMARK [3][-]{subsubsection.13.1.13}{The system propose a sunny day to the user}{subsection.13.1}% 63
\BOOKMARK [3][-]{subsubsection.13.1.14}{A user gets notified that an event date has been changed}{subsection.13.1}% 64
\BOOKMARK [3][-]{subsubsection.13.1.15}{A user changes his data}{subsection.13.1}% 65
\BOOKMARK [3][-]{subsubsection.13.1.16}{The system updates the meteo forecasts}{subsection.13.1}% 66
\BOOKMARK [1][-]{section.14}{Analysis model}{part.3}% 67
\BOOKMARK [1][-]{section.15}{State chart model}{part.3}% 68
\BOOKMARK [1][-]{section.16}{Activity model}{part.3}% 69
\BOOKMARK [1][-]{section.17}{Use case model}{part.3}% 70
\BOOKMARK [2][-]{subsection.17.1}{Unlogged user}{section.17}% 71
\BOOKMARK [3][-]{subsubsection.17.1.1}{User register to the system}{subsection.17.1}% 72
\BOOKMARK [3][-]{subsubsection.17.1.2}{A registered user logs into the system}{subsection.17.1}% 73
\BOOKMARK [2][-]{subsection.17.2}{Logged user}{section.17}% 74
\BOOKMARK [3][-]{subsubsection.17.2.1}{Logged user creates a new event}{subsection.17.2}% 75
\BOOKMARK [3][-]{subsubsection.17.2.2}{Logged user modifies an existing event}{subsection.17.2}% 76
\BOOKMARK [3][-]{subsubsection.17.2.3}{Logged user views the details of his events}{subsection.17.2}% 77
\BOOKMARK [3][-]{subsubsection.17.2.4}{Logged user deletes an event}{subsection.17.2}% 78
\BOOKMARK [3][-]{subsubsection.17.2.5}{Logged user invites another user to his event}{subsection.17.2}% 79
\BOOKMARK [3][-]{subsubsection.17.2.6}{Registered user accepts an invitation}{subsection.17.2}% 80
\BOOKMARK [3][-]{subsubsection.17.2.7}{Decline an event invite}{subsection.17.2}% 81
\BOOKMARK [3][-]{subsubsection.17.2.8}{Search the calendar of another user}{subsection.17.2}% 82
\BOOKMARK [3][-]{subsubsection.17.2.9}{Browse another user calendar}{subsection.17.2}% 83
\BOOKMARK [3][-]{subsubsection.17.2.10}{Receive bad weather alert}{subsection.17.2}% 84
\BOOKMARK [3][-]{subsubsection.17.2.11}{Propose a sunny day}{subsection.17.2}% 85
\BOOKMARK [3][-]{subsubsection.17.2.12}{Receive date changed notification}{subsection.17.2}% 86
\BOOKMARK [3][-]{subsubsection.17.2.13}{Change data}{subsection.17.2}% 87
\BOOKMARK [3][-]{subsubsection.17.2.14}{Update weather forecasts}{subsection.17.2}% 88
\BOOKMARK [1][-]{section.18}{Performance requirements}{part.3}% 89
\BOOKMARK [1][-]{section.19}{Design constraints}{part.3}% 90
\BOOKMARK [1][-]{section.20}{Software system attributes}{part.3}% 91
\BOOKMARK [2][-]{subsection.20.1}{Reliability}{section.20}% 92
\BOOKMARK [2][-]{subsection.20.2}{Availability}{section.20}% 93
\BOOKMARK [2][-]{subsection.20.3}{Security}{section.20}% 94
\BOOKMARK [2][-]{subsection.20.4}{Maintainability}{section.20}% 95
\BOOKMARK [2][-]{subsection.20.5}{Portability}{section.20}% 96
\BOOKMARK [1][-]{section.21}{Other requirements}{part.3}% 97
\BOOKMARK [0][-]{part.4}{IV Appendixes}{}% 98
\BOOKMARK [1][-]{section.22}{Alloy}{part.4}% 99
\BOOKMARK [2][-]{subsection.22.1}{Alloy code}{section.22}% 100
\BOOKMARK [2][-]{subsection.22.2}{Alloy output}{section.22}% 101
\BOOKMARK [2][-]{subsection.22.3}{Worlds generated}{section.22}% 102
\BOOKMARK [1][-]{section.23}{Worked hours}{part.4}% 103
\BOOKMARK [1][-]{section.24}{Used tools}{part.4}% 104
