This is pdfTeX, Version 3.1415926-2.5-1.40.14 (MiKTeX 2.9 64-bit) (preloaded format=pdflatex 2014.11.5)  24 JAN 2015 20:09
entering extended mode
**UserManual.tex

("C:\Users\stefano\Documents\NetBeansProjects\meteo-cal-celli-cereda\user manua
l\UserManual.tex"
LaTeX2e <2011/06/27>
Babel <v3.8m> and hyphenation patterns for english, afrikaans, ancientgreek, ar
abic, armenian, assamese, basque, bengali, bokmal, bulgarian, catalan, coptic, 
croatian, czech, danish, dutch, esperanto, estonian, farsi, finnish, french, ga
lician, german, german-x-2013-05-26, greek, gujarati, hindi, hungarian, iceland
ic, indonesian, interlingua, irish, italian, kannada, kurmanji, latin, latvian,
 lithuanian, malayalam, marathi, mongolian, mongolianlmc, monogreek, ngerman, n
german-x-2013-05-26, nynorsk, oriya, panjabi, pinyin, polish, portuguese, roman
ian, russian, sanskrit, serbian, slovak, slovenian, spanish, swedish, swissgerm
an, tamil, telugu, turkish, turkmen, ukenglish, ukrainian, uppersorbian, usengl
ishmax, welsh, loaded.
("C:\Program Files\MiKTeX 2.9\tex\latex\base\article.cls"
Document Class: article 2007/10/19 v1.4h Standard LaTeX document class
("C:\Program Files\MiKTeX 2.9\tex\latex\base\size10.clo"
File: size10.clo 2007/10/19 v1.4h Standard LaTeX file (size option)
)
\c@part=\count79
\c@section=\count80
\c@subsection=\count81
\c@subsubsection=\count82
\c@paragraph=\count83
\c@subparagraph=\count84
\c@figure=\count85
\c@table=\count86
\abovecaptionskip=\skip41
\belowcaptionskip=\skip42
\bibindent=\dimen102
)
("C:\Program Files\MiKTeX 2.9\tex\latex\base\inputenc.sty"
Package: inputenc 2008/03/30 v1.1d Input encoding file
\inpenc@prehook=\toks14
\inpenc@posthook=\toks15

("C:\Program Files\MiKTeX 2.9\tex\latex\base\utf8.def"
File: utf8.def 2008/04/05 v1.1m UTF-8 support for inputenc
Now handling font encoding OML ...
... no UTF-8 mapping file for font encoding OML
Now handling font encoding T1 ...
... processing UTF-8 mapping file for font encoding T1

("C:\Program Files\MiKTeX 2.9\tex\latex\base\t1enc.dfu"
File: t1enc.dfu 2008/04/05 v1.1m UTF-8 support for inputenc
   defining Unicode char U+00A1 (decimal 161)
   defining Unicode char U+00A3 (decimal 163)
   defining Unicode char U+00AB (decimal 171)
   defining Unicode char U+00BB (decimal 187)
   defining Unicode char U+00BF (decimal 191)
   defining Unicode char U+00C0 (decimal 192)
   defining Unicode char U+00C1 (decimal 193)
   defining Unicode char U+00C2 (decimal 194)
   defining Unicode char U+00C3 (decimal 195)
   defining Unicode char U+00C4 (decimal 196)
   defining Unicode char U+00C5 (decimal 197)
   defining Unicode char U+00C6 (decimal 198)
   defining Unicode char U+00C7 (decimal 199)
   defining Unicode char U+00C8 (decimal 200)
   defining Unicode char U+00C9 (decimal 201)
   defining Unicode char U+00CA (decimal 202)
   defining Unicode char U+00CB (decimal 203)
   defining Unicode char U+00CC (decimal 204)
   defining Unicode char U+00CD (decimal 205)
   defining Unicode char U+00CE (decimal 206)
   defining Unicode char U+00CF (decimal 207)
   defining Unicode char U+00D0 (decimal 208)
   defining Unicode char U+00D1 (decimal 209)
   defining Unicode char U+00D2 (decimal 210)
   defining Unicode char U+00D3 (decimal 211)
   defining Unicode char U+00D4 (decimal 212)
   defining Unicode char U+00D5 (decimal 213)
   defining Unicode char U+00D6 (decimal 214)
   defining Unicode char U+00D8 (decimal 216)
   defining Unicode char U+00D9 (decimal 217)
   defining Unicode char U+00DA (decimal 218)
   defining Unicode char U+00DB (decimal 219)
   defining Unicode char U+00DC (decimal 220)
   defining Unicode char U+00DD (decimal 221)
   defining Unicode char U+00DE (decimal 222)
   defining Unicode char U+00DF (decimal 223)
   defining Unicode char U+00E0 (decimal 224)
   defining Unicode char U+00E1 (decimal 225)
   defining Unicode char U+00E2 (decimal 226)
   defining Unicode char U+00E3 (decimal 227)
   defining Unicode char U+00E4 (decimal 228)
   defining Unicode char U+00E5 (decimal 229)
   defining Unicode char U+00E6 (decimal 230)
   defining Unicode char U+00E7 (decimal 231)
   defining Unicode char U+00E8 (decimal 232)
   defining Unicode char U+00E9 (decimal 233)
   defining Unicode char U+00EA (decimal 234)
   defining Unicode char U+00EB (decimal 235)
   defining Unicode char U+00EC (decimal 236)
   defining Unicode char U+00ED (decimal 237)
   defining Unicode char U+00EE (decimal 238)
   defining Unicode char U+00EF (decimal 239)
   defining Unicode char U+00F0 (decimal 240)
   defining Unicode char U+00F1 (decimal 241)
   defining Unicode char U+00F2 (decimal 242)
   defining Unicode char U+00F3 (decimal 243)
   defining Unicode char U+00F4 (decimal 244)
   defining Unicode char U+00F5 (decimal 245)
   defining Unicode char U+00F6 (decimal 246)
   defining Unicode char U+00F8 (decimal 248)
   defining Unicode char U+00F9 (decimal 249)
   defining Unicode char U+00FA (decimal 250)
   defining Unicode char U+00FB (decimal 251)
   defining Unicode char U+00FC (decimal 252)
   defining Unicode char U+00FD (decimal 253)
   defining Unicode char U+00FE (decimal 254)
   defining Unicode char U+00FF (decimal 255)
   defining Unicode char U+0102 (decimal 258)
   defining Unicode char U+0103 (decimal 259)
   defining Unicode char U+0104 (decimal 260)
   defining Unicode char U+0105 (decimal 261)
   defining Unicode char U+0106 (decimal 262)
   defining Unicode char U+0107 (decimal 263)
   defining Unicode char U+010C (decimal 268)
   defining Unicode char U+010D (decimal 269)
   defining Unicode char U+010E (decimal 270)
   defining Unicode char U+010F (decimal 271)
   defining Unicode char U+0110 (decimal 272)
   defining Unicode char U+0111 (decimal 273)
   defining Unicode char U+0118 (decimal 280)
   defining Unicode char U+0119 (decimal 281)
   defining Unicode char U+011A (decimal 282)
   defining Unicode char U+011B (decimal 283)
   defining Unicode char U+011E (decimal 286)
   defining Unicode char U+011F (decimal 287)
   defining Unicode char U+0130 (decimal 304)
   defining Unicode char U+0131 (decimal 305)
   defining Unicode char U+0132 (decimal 306)
   defining Unicode char U+0133 (decimal 307)
   defining Unicode char U+0139 (decimal 313)
   defining Unicode char U+013A (decimal 314)
   defining Unicode char U+013D (decimal 317)
   defining Unicode char U+013E (decimal 318)
   defining Unicode char U+0141 (decimal 321)
   defining Unicode char U+0142 (decimal 322)
   defining Unicode char U+0143 (decimal 323)
   defining Unicode char U+0144 (decimal 324)
   defining Unicode char U+0147 (decimal 327)
   defining Unicode char U+0148 (decimal 328)
   defining Unicode char U+014A (decimal 330)
   defining Unicode char U+014B (decimal 331)
   defining Unicode char U+0150 (decimal 336)
   defining Unicode char U+0151 (decimal 337)
   defining Unicode char U+0152 (decimal 338)
   defining Unicode char U+0153 (decimal 339)
   defining Unicode char U+0154 (decimal 340)
   defining Unicode char U+0155 (decimal 341)
   defining Unicode char U+0158 (decimal 344)
   defining Unicode char U+0159 (decimal 345)
   defining Unicode char U+015A (decimal 346)
   defining Unicode char U+015B (decimal 347)
   defining Unicode char U+015E (decimal 350)
   defining Unicode char U+015F (decimal 351)
   defining Unicode char U+0160 (decimal 352)
   defining Unicode char U+0161 (decimal 353)
   defining Unicode char U+0162 (decimal 354)
   defining Unicode char U+0163 (decimal 355)
   defining Unicode char U+0164 (decimal 356)
   defining Unicode char U+0165 (decimal 357)
   defining Unicode char U+016E (decimal 366)
   defining Unicode char U+016F (decimal 367)
   defining Unicode char U+0170 (decimal 368)
   defining Unicode char U+0171 (decimal 369)
   defining Unicode char U+0178 (decimal 376)
   defining Unicode char U+0179 (decimal 377)
   defining Unicode char U+017A (decimal 378)
   defining Unicode char U+017B (decimal 379)
   defining Unicode char U+017C (decimal 380)
   defining Unicode char U+017D (decimal 381)
   defining Unicode char U+017E (decimal 382)
   defining Unicode char U+200C (decimal 8204)
   defining Unicode char U+2013 (decimal 8211)
   defining Unicode char U+2014 (decimal 8212)
   defining Unicode char U+2018 (decimal 8216)
   defining Unicode char U+2019 (decimal 8217)
   defining Unicode char U+201A (decimal 8218)
   defining Unicode char U+201C (decimal 8220)
   defining Unicode char U+201D (decimal 8221)
   defining Unicode char U+201E (decimal 8222)
   defining Unicode char U+2030 (decimal 8240)
   defining Unicode char U+2031 (decimal 8241)
   defining Unicode char U+2039 (decimal 8249)
   defining Unicode char U+203A (decimal 8250)
   defining Unicode char U+2423 (decimal 9251)
)
Now handling font encoding OT1 ...
... processing UTF-8 mapping file for font encoding OT1

("C:\Program Files\MiKTeX 2.9\tex\latex\base\ot1enc.dfu"
File: ot1enc.dfu 2008/04/05 v1.1m UTF-8 support for inputenc
   defining Unicode char U+00A1 (decimal 161)
   defining Unicode char U+00A3 (decimal 163)
   defining Unicode char U+00B8 (decimal 184)
   defining Unicode char U+00BF (decimal 191)
   defining Unicode char U+00C5 (decimal 197)
   defining Unicode char U+00C6 (decimal 198)
   defining Unicode char U+00D8 (decimal 216)
   defining Unicode char U+00DF (decimal 223)
   defining Unicode char U+00E6 (decimal 230)
   defining Unicode char U+00EC (decimal 236)
   defining Unicode char U+00ED (decimal 237)
   defining Unicode char U+00EE (decimal 238)
   defining Unicode char U+00EF (decimal 239)
   defining Unicode char U+00F8 (decimal 248)
   defining Unicode char U+0131 (decimal 305)
   defining Unicode char U+0141 (decimal 321)
   defining Unicode char U+0142 (decimal 322)
   defining Unicode char U+0152 (decimal 338)
   defining Unicode char U+0153 (decimal 339)
   defining Unicode char U+2013 (decimal 8211)
   defining Unicode char U+2014 (decimal 8212)
   defining Unicode char U+2018 (decimal 8216)
   defining Unicode char U+2019 (decimal 8217)
   defining Unicode char U+201C (decimal 8220)
   defining Unicode char U+201D (decimal 8221)
)
Now handling font encoding OMS ...
... processing UTF-8 mapping file for font encoding OMS

("C:\Program Files\MiKTeX 2.9\tex\latex\base\omsenc.dfu"
File: omsenc.dfu 2008/04/05 v1.1m UTF-8 support for inputenc
   defining Unicode char U+00A7 (decimal 167)
   defining Unicode char U+00B6 (decimal 182)
   defining Unicode char U+00B7 (decimal 183)
   defining Unicode char U+2020 (decimal 8224)
   defining Unicode char U+2021 (decimal 8225)
   defining Unicode char U+2022 (decimal 8226)
)
Now handling font encoding OMX ...
... no UTF-8 mapping file for font encoding OMX
Now handling font encoding U ...
... no UTF-8 mapping file for font encoding U
   defining Unicode char U+00A9 (decimal 169)
   defining Unicode char U+00AA (decimal 170)
   defining Unicode char U+00AE (decimal 174)
   defining Unicode char U+00BA (decimal 186)
   defining Unicode char U+02C6 (decimal 710)
   defining Unicode char U+02DC (decimal 732)
   defining Unicode char U+200C (decimal 8204)
   defining Unicode char U+2026 (decimal 8230)
   defining Unicode char U+2122 (decimal 8482)
   defining Unicode char U+2423 (decimal 9251)
))
("C:\Program Files\MiKTeX 2.9\tex\latex\amsmath\amsmath.sty"
Package: amsmath 2013/01/14 v2.14 AMS math features
\@mathmargin=\skip43

For additional information on amsmath, use the `?' option.
("C:\Program Files\MiKTeX 2.9\tex\latex\amsmath\amstext.sty"
Package: amstext 2000/06/29 v2.01

("C:\Program Files\MiKTeX 2.9\tex\latex\amsmath\amsgen.sty"
File: amsgen.sty 1999/11/30 v2.0
\@emptytoks=\toks16
\ex@=\dimen103
))
("C:\Program Files\MiKTeX 2.9\tex\latex\amsmath\amsbsy.sty"
Package: amsbsy 1999/11/29 v1.2d
\pmbraise@=\dimen104
)
("C:\Program Files\MiKTeX 2.9\tex\latex\amsmath\amsopn.sty"
Package: amsopn 1999/12/14 v2.01 operator names
)
\inf@bad=\count87
LaTeX Info: Redefining \frac on input line 210.
\uproot@=\count88
\leftroot@=\count89
LaTeX Info: Redefining \overline on input line 306.
\classnum@=\count90
\DOTSCASE@=\count91
LaTeX Info: Redefining \ldots on input line 378.
LaTeX Info: Redefining \dots on input line 381.
LaTeX Info: Redefining \cdots on input line 466.
\Mathstrutbox@=\box26
\strutbox@=\box27
\big@size=\dimen105
LaTeX Font Info:    Redeclaring font encoding OML on input line 566.
LaTeX Font Info:    Redeclaring font encoding OMS on input line 567.
\macc@depth=\count92
\c@MaxMatrixCols=\count93
\dotsspace@=\muskip10
\c@parentequation=\count94
\dspbrk@lvl=\count95
\tag@help=\toks17
\row@=\count96
\column@=\count97
\maxfields@=\count98
\andhelp@=\toks18
\eqnshift@=\dimen106
\alignsep@=\dimen107
\tagshift@=\dimen108
\tagwidth@=\dimen109
\totwidth@=\dimen110
\lineht@=\dimen111
\@envbody=\toks19
\multlinegap=\skip44
\multlinetaggap=\skip45
\mathdisplay@stack=\toks20
LaTeX Info: Redefining \[ on input line 2665.
LaTeX Info: Redefining \] on input line 2666.
)
("C:\Program Files\MiKTeX 2.9\tex\latex\amsfonts\amsfonts.sty"
Package: amsfonts 2013/01/14 v3.01 Basic AMSFonts support
\symAMSa=\mathgroup4
\symAMSb=\mathgroup5
LaTeX Font Info:    Overwriting math alphabet `\mathfrak' in version `bold'
(Font)                  U/euf/m/n --> U/euf/b/n on input line 106.
)
("C:\Program Files\MiKTeX 2.9\tex\latex\amsfonts\amssymb.sty"
Package: amssymb 2013/01/14 v3.01 AMS font symbols
)
("C:\Program Files\MiKTeX 2.9\tex\latex\base\makeidx.sty"
Package: makeidx 2000/03/29 v1.0m Standard LaTeX package
)
("C:\Program Files\MiKTeX 2.9\tex\latex\enumitem\enumitem.sty"
Package: enumitem 2011/09/28 v3.5.2 Customized lists
\enitkv@toks@=\toks21
\labelindent=\skip46
\enit@outerparindent=\dimen112
\enit@toks=\toks22
\enit@inbox=\box28
\enitdp@description=\count99
)
("C:\Program Files\MiKTeX 2.9\tex\latex\graphics\graphicx.sty"
Package: graphicx 1999/02/16 v1.0f Enhanced LaTeX Graphics (DPC,SPQR)

("C:\Program Files\MiKTeX 2.9\tex\latex\graphics\keyval.sty"
Package: keyval 1999/03/16 v1.13 key=value parser (DPC)
\KV@toks@=\toks23
)
("C:\Program Files\MiKTeX 2.9\tex\latex\graphics\graphics.sty"
Package: graphics 2009/02/05 v1.0o Standard LaTeX Graphics (DPC,SPQR)

("C:\Program Files\MiKTeX 2.9\tex\latex\graphics\trig.sty"
Package: trig 1999/03/16 v1.09 sin cos tan (DPC)
)
("C:\Program Files\MiKTeX 2.9\tex\latex\00miktex\graphics.cfg"
File: graphics.cfg 2007/01/18 v1.5 graphics configuration of teTeX/TeXLive
)
Package graphics Info: Driver file: pdftex.def on input line 91.

("C:\Program Files\MiKTeX 2.9\tex\latex\pdftex-def\pdftex.def"
File: pdftex.def 2011/05/27 v0.06d Graphics/color for pdfTeX

("C:\Program Files\MiKTeX 2.9\tex\generic\oberdiek\infwarerr.sty"
Package: infwarerr 2010/04/08 v1.3 Providing info/warning/error messages (HO)
)
("C:\Program Files\MiKTeX 2.9\tex\generic\oberdiek\ltxcmds.sty"
Package: ltxcmds 2011/11/09 v1.22 LaTeX kernel commands for general use (HO)
)
\Gread@gobject=\count100
))
\Gin@req@height=\dimen113
\Gin@req@width=\dimen114
)
("C:\Program Files\MiKTeX 2.9\tex\latex\tools\longtable.sty"
Package: longtable 2004/02/01 v4.11 Multi-page Table package (DPC)
\LTleft=\skip47
\LTright=\skip48
\LTpre=\skip49
\LTpost=\skip50
\LTchunksize=\count101
\LTcapwidth=\dimen115
\LT@head=\box29
\LT@firsthead=\box30
\LT@foot=\box31
\LT@lastfoot=\box32
\LT@cols=\count102
\LT@rows=\count103
\c@LT@tables=\count104
\c@LT@chunks=\count105
\LT@p@ftn=\toks24
)
("C:\Program Files\MiKTeX 2.9\tex\latex\hyperref\hyperref.sty"
Package: hyperref 2012/11/06 v6.83m Hypertext links for LaTeX

("C:\Program Files\MiKTeX 2.9\tex\generic\oberdiek\hobsub-hyperref.sty"
Package: hobsub-hyperref 2012/04/25 v1.12 Bundle oberdiek, subset hyperref (HO)


("C:\Program Files\MiKTeX 2.9\tex\generic\oberdiek\hobsub-generic.sty"
Package: hobsub-generic 2012/04/25 v1.12 Bundle oberdiek, subset generic (HO)
Package: hobsub 2012/04/25 v1.12 Construct package bundles (HO)
Package hobsub Info: Skipping package `infwarerr' (already loaded).
Package hobsub Info: Skipping package `ltxcmds' (already loaded).
Package: ifluatex 2010/03/01 v1.3 Provides the ifluatex switch (HO)
Package ifluatex Info: LuaTeX not detected.
Package: ifvtex 2010/03/01 v1.5 Detect VTeX and its facilities (HO)
Package ifvtex Info: VTeX not detected.
Package: intcalc 2007/09/27 v1.1 Expandable calculations with integers (HO)
Package: ifpdf 2011/01/30 v2.3 Provides the ifpdf switch (HO)
Package ifpdf Info: pdfTeX in PDF mode is detected.
Package: etexcmds 2011/02/16 v1.5 Avoid name clashes with e-TeX commands (HO)
Package etexcmds Info: Could not find \expanded.
(etexcmds)             That can mean that you are not using pdfTeX 1.50 or
(etexcmds)             that some package has redefined \expanded.
(etexcmds)             In the latter case, load this package earlier.
Package: kvsetkeys 2012/04/25 v1.16 Key value parser (HO)
Package: kvdefinekeys 2011/04/07 v1.3 Define keys (HO)
Package: pdftexcmds 2011/11/29 v0.20 Utility functions of pdfTeX for LuaTeX (HO
)
Package pdftexcmds Info: LuaTeX not detected.
Package pdftexcmds Info: \pdf@primitive is available.
Package pdftexcmds Info: \pdf@ifprimitive is available.
Package pdftexcmds Info: \pdfdraftmode found.
Package: pdfescape 2011/11/25 v1.13 Implements pdfTeX's escape features (HO)
Package: bigintcalc 2012/04/08 v1.3 Expandable calculations on big integers (HO
)
Package: bitset 2011/01/30 v1.1 Handle bit-vector datatype (HO)
Package: uniquecounter 2011/01/30 v1.2 Provide unlimited unique counter (HO)
)
Package hobsub Info: Skipping package `hobsub' (already loaded).
Package: letltxmacro 2010/09/02 v1.4 Let assignment for LaTeX macros (HO)
Package: hopatch 2011/06/24 v1.1 Wrapper for package hooks (HO)
Package: xcolor-patch 2011/01/30 xcolor patch
Package: atveryend 2011/06/30 v1.8 Hooks at the very end of document (HO)
Package atveryend Info: \enddocument detected (standard20110627).
Package: atbegshi 2011/10/05 v1.16 At begin shipout hook (HO)
Package: refcount 2011/10/16 v3.4 Data extraction from label references (HO)
Package: hycolor 2011/01/30 v1.7 Color options for hyperref/bookmark (HO)
)
("C:\Program Files\MiKTeX 2.9\tex\generic\ifxetex\ifxetex.sty"
Package: ifxetex 2010/09/12 v0.6 Provides ifxetex conditional
)
("C:\Program Files\MiKTeX 2.9\tex\latex\oberdiek\auxhook.sty"
Package: auxhook 2011/03/04 v1.3 Hooks for auxiliary files (HO)
)
("C:\Program Files\MiKTeX 2.9\tex\latex\oberdiek\kvoptions.sty"
Package: kvoptions 2011/06/30 v3.11 Key value format for package options (HO)
)
\@linkdim=\dimen116
\Hy@linkcounter=\count106
\Hy@pagecounter=\count107

("C:\Program Files\MiKTeX 2.9\tex\latex\hyperref\pd1enc.def"
File: pd1enc.def 2012/11/06 v6.83m Hyperref: PDFDocEncoding definition (HO)
Now handling font encoding PD1 ...
... no UTF-8 mapping file for font encoding PD1
)
\Hy@SavedSpaceFactor=\count108

("C:\Program Files\MiKTeX 2.9\tex\latex\00miktex\hyperref.cfg"
File: hyperref.cfg 2002/06/06 v1.2 hyperref configuration of TeXLive
)
Package hyperref Info: Hyper figures OFF on input line 4443.
Package hyperref Info: Link nesting OFF on input line 4448.
Package hyperref Info: Hyper index ON on input line 4451.
Package hyperref Info: Plain pages OFF on input line 4458.
Package hyperref Info: Backreferencing OFF on input line 4463.
Package hyperref Info: Implicit mode ON; LaTeX internals redefined.
Package hyperref Info: Bookmarks ON on input line 4688.
\c@Hy@tempcnt=\count109

("C:\Program Files\MiKTeX 2.9\tex\latex\url\url.sty"
\Urlmuskip=\muskip11
Package: url 2013/09/16  ver 3.4  Verb mode for urls, etc.
)
LaTeX Info: Redefining \url on input line 5041.
\XeTeXLinkMargin=\dimen117
\Fld@menulength=\count110
\Field@Width=\dimen118
\Fld@charsize=\dimen119
Package hyperref Info: Hyper figures OFF on input line 6295.
Package hyperref Info: Link nesting OFF on input line 6300.
Package hyperref Info: Hyper index ON on input line 6303.
Package hyperref Info: backreferencing OFF on input line 6310.
Package hyperref Info: Link coloring OFF on input line 6315.
Package hyperref Info: Link coloring with OCG OFF on input line 6320.
Package hyperref Info: PDF/A mode OFF on input line 6325.
LaTeX Info: Redefining \ref on input line 6365.
LaTeX Info: Redefining \pageref on input line 6369.
\Hy@abspage=\count111
\c@Item=\count112
\c@Hfootnote=\count113
)

Package hyperref Message: Driver (autodetected): hpdftex.

("C:\Program Files\MiKTeX 2.9\tex\latex\hyperref\hpdftex.def"
File: hpdftex.def 2012/11/06 v6.83m Hyperref driver for pdfTeX
\Fld@listcount=\count114
\c@bookmark@seq@number=\count115

("C:\Program Files\MiKTeX 2.9\tex\latex\oberdiek\rerunfilecheck.sty"
Package: rerunfilecheck 2011/04/15 v1.7 Rerun checks for auxiliary files (HO)
Package uniquecounter Info: New unique counter `rerunfilecheck' on input line 2
82.
)
\Hy@SectionHShift=\skip51
)
\@indexfile=\write3

Writing index file UserManual.idx

("C:\Users\stefano\Documents\NetBeansProjects\meteo-cal-celli-cereda\user manua
l\UserManual.aux")
LaTeX Font Info:    Checking defaults for OML/cmm/m/it on input line 21.
LaTeX Font Info:    ... okay on input line 21.
LaTeX Font Info:    Checking defaults for T1/cmr/m/n on input line 21.
LaTeX Font Info:    ... okay on input line 21.
LaTeX Font Info:    Checking defaults for OT1/cmr/m/n on input line 21.
LaTeX Font Info:    ... okay on input line 21.
LaTeX Font Info:    Checking defaults for OMS/cmsy/m/n on input line 21.
LaTeX Font Info:    ... okay on input line 21.
LaTeX Font Info:    Checking defaults for OMX/cmex/m/n on input line 21.
LaTeX Font Info:    ... okay on input line 21.
LaTeX Font Info:    Checking defaults for U/cmr/m/n on input line 21.
LaTeX Font Info:    ... okay on input line 21.
LaTeX Font Info:    Checking defaults for PD1/pdf/m/n on input line 21.
LaTeX Font Info:    ... okay on input line 21.
 ("C:\Program Files\MiKTeX 2.9\tex\context\base\supp-pdf.mkii"
[Loading MPS to PDF converter (version 2006.09.02).]
\scratchcounter=\count116
\scratchdimen=\dimen120
\scratchbox=\box33
\nofMPsegments=\count117
\nofMParguments=\count118
\everyMPshowfont=\toks25
\MPscratchCnt=\count119
\MPscratchDim=\dimen121
\MPnumerator=\count120
\makeMPintoPDFobject=\count121
\everyMPtoPDFconversion=\toks26
)
\AtBeginShipoutBox=\box34
Package hyperref Info: Link coloring OFF on input line 21.
 ("C:\Program Files\MiKTeX 2.9\tex\latex\hyperref\nameref.sty"
Package: nameref 2012/10/27 v2.43 Cross-referencing by name of section

("C:\Program Files\MiKTeX 2.9\tex\generic\oberdiek\gettitlestring.sty"
Package: gettitlestring 2010/12/03 v1.4 Cleanup title references (HO)
)
\c@section@level=\count122
)
LaTeX Info: Redefining \ref on input line 21.
LaTeX Info: Redefining \pageref on input line 21.
LaTeX Info: Redefining \nameref on input line 21.

("C:\Users\stefano\Documents\NetBeansProjects\meteo-cal-celli-cereda\user manua
l\UserManual.out")
("C:\Users\stefano\Documents\NetBeansProjects\meteo-cal-celli-cereda\user manua
l\UserManual.out")
\@outlinefile=\write4

("C:\Users\stefano\Documents\NetBeansProjects\meteo-cal-celli-cereda\user manua
l\title.tex" <./images/logo.png, id=83, 569.12625pt x 569.12625pt>
File: ./images/logo.png Graphic file (type png)

<use ./images/logo.png>
Package pdftex.def Info: ./images/logo.png used on input line 5.
(pdftex.def)             Requested size: 103.50105pt x 103.49777pt.
 [1

{C:/ProgramData/MiKTeX/2.9/pdftex/config/pdftex.map} <C:/Users/stefano/Document
s/NetBeansProjects/meteo-cal-celli-cereda/user manual/images/logo.png>])
("C:\Users\stefano\Documents\NetBeansProjects\meteo-cal-celli-cereda\user manua
l\UserManual.toc"
LaTeX Font Info:    Try loading font information for U+msa on input line 9.
 ("C:\Program Files\MiKTeX 2.9\tex\latex\amsfonts\umsa.fd"
File: umsa.fd 2013/01/14 v3.01 AMS symbols A
)
LaTeX Font Info:    Try loading font information for U+msb on input line 9.

("C:\Program Files\MiKTeX 2.9\tex\latex\amsfonts\umsb.fd"
File: umsb.fd 2013/01/14 v3.01 AMS symbols B
))
\tf@toc=\write5
pdfTeX warning (ext4): destination with the same identifier (name{page.1}) has 
been already used, duplicate ignored
<to be read again> 
                   \relax 
l.27 \part
          {System Description} [1]
<./images/01_login.png, id=122, 438.63875pt x 480.79625pt>
File: ./images/01_login.png Graphic file (type png)

<use ./images/01_login.png>
Package pdftex.def Info: ./images/01_login.png used on input line 42.
(pdftex.def)             Requested size: 241.49895pt x 264.71019pt.
 [2 <C:/Users/stefano/Documents/NetBeansProjects/meteo-cal-celli-cereda/user ma
nual/images/01_login.png>]
<./images/02_registration.png, id=129, 490.83376pt x 575.14874pt>
File: ./images/02_registration.png Graphic file (type png)

<use ./images/02_registration.png>
Package pdftex.def Info: ./images/02_registration.png used on input line 51.
(pdftex.def)             Requested size: 241.49895pt x 282.98378pt.

<./images/03_about.png, id=130, 921.4425pt x 547.04375pt>
File: ./images/03_about.png Graphic file (type png)

<use ./images/03_about.png>
Package pdftex.def Info: ./images/03_about.png used on input line 60.
(pdftex.def)             Requested size: 345.0pt x 204.81535pt.
 [3 <C:/Users/stefano/Documents/NetBeansProjects/meteo-cal-celli-cereda/user ma
nual/images/02_registration.png>]
<./images/04_calendar_empty.png, id=136, 1443.3925pt x 692.5875pt>
File: ./images/04_calendar_empty.png Graphic file (type png)

<use ./images/04_calendar_empty.png>
Package pdftex.def Info: ./images/04_calendar_empty.png used on input line 71.
(pdftex.def)             Requested size: 345.0pt x 165.53746pt.

<./images/05_calendar_busy.png, id=137, 1432.35126pt x 735.74875pt>
File: ./images/05_calendar_busy.png Graphic file (type png)

<use ./images/05_calendar_busy.png>
Package pdftex.def Info: ./images/05_calendar_busy.png used on input line 75.
(pdftex.def)             Requested size: 345.0pt x 177.21199pt.
 [4 <C:/Users/stefano/Documents/NetBeansProjects/meteo-cal-celli-cereda/user ma
nual/images/03_about.png> <C:/Users/stefano/Documents/NetBeansProjects/meteo-ca
l-celli-cereda/user manual/images/04_calendar_empty.png>] <./images/06_home_arr
ows.png, id=144, 566.115pt x 421.575pt>
File: ./images/06_home_arrows.png Graphic file (type png)

<use ./images/06_home_arrows.png>
Package pdftex.def Info: ./images/06_home_arrows.png used on input line 81.
(pdftex.def)             Requested size: 345.0pt x 256.92235pt.

<./images/07_search_bar.png, id=145, 584.1825pt x 76.285pt>
File: ./images/07_search_bar.png Graphic file (type png)

<use ./images/07_search_bar.png>
Package pdftex.def Info: ./images/07_search_bar.png used on input line 89.
(pdftex.def)             Requested size: 345.0pt x 45.05315pt.
 [5 <C:/Users/stefano/Documents/NetBeansProjects/meteo-cal-celli-cereda/user ma
nual/images/05_calendar_busy.png> <C:/Users/stefano/Documents/NetBeansProjects/
meteo-cal-celli-cereda/user manual/images/06_home_arrows.png> <C:/Users/stefano
/Documents/NetBeansProjects/meteo-cal-celli-cereda/user manual/images/07_search
_bar.png>]
<./images/08_calendar_top.png, id=152, 762.85pt x 73.27374pt>
File: ./images/08_calendar_top.png Graphic file (type png)

<use ./images/08_calendar_top.png>
Package pdftex.def Info: ./images/08_calendar_top.png used on input line 98.
(pdftex.def)             Requested size: 345.0pt x 33.13722pt.

<./images/09_create_event.png, id=153, 457.71pt x 625.33624pt>
File: ./images/09_create_event.png Graphic file (type png)

<use ./images/09_create_event.png>
Package pdftex.def Info: ./images/09_create_event.png used on input line 111.
(pdftex.def)             Requested size: 241.49895pt x 329.9381pt.
 [6 <C:/Users/stefano/Documents/NetBeansProjects/meteo-cal-celli-cereda/user ma
nual/images/08_calendar_top.png> <C:/Users/stefano/Documents/NetBeansProjects/m
eteo-cal-celli-cereda/user manual/images/09_create_event.png>]
<./images/10_date_select.png, id=161, 453.695pt x 649.42625pt>
File: ./images/10_date_select.png Graphic file (type png)

<use ./images/10_date_select.png>
Package pdftex.def Info: ./images/10_date_select.png used on input line 121.
(pdftex.def)             Requested size: 241.49895pt x 345.6807pt.

<./images/11_choose_place.png, id=162, 450.68375pt x 621.32124pt>
File: ./images/11_choose_place.png Graphic file (type png)

<use ./images/11_choose_place.png>
Package pdftex.def Info: ./images/11_choose_place.png used on input line 139.
(pdftex.def)             Requested size: 172.5pt x 237.81104pt.

<./images/12_invite_user.png, id=163, 449.68pt x 624.3325pt>
File: ./images/12_invite_user.png Graphic file (type png)

<use ./images/12_invite_user.png>
Package pdftex.def Info: ./images/12_invite_user.png used on input line 140.
(pdftex.def)             Requested size: 172.5pt x 239.49707pt.

<./images/13_after_invite.png, id=164, 460.72125pt x 623.32875pt>
File: ./images/13_after_invite.png Graphic file (type png)

<use ./images/13_after_invite.png>
Package pdftex.def Info: ./images/13_after_invite.png used on input line 141.
(pdftex.def)             Requested size: 172.5pt x 233.37677pt.
 [7 <C:/Users/stefano/Documents/NetBeansProjects/meteo-cal-celli-cereda/user ma
nual/images/10_date_select.png>] [8 <C:/Users/stefano/Documents/NetBeansProject
s/meteo-cal-celli-cereda/user manual/images/11_choose_place.png> <C:/Users/stef
ano/Documents/NetBeansProjects/meteo-cal-celli-cereda/user manual/images/12_inv
ite_user.png>]
<./images/14_home_details.png, id=179, 1435.3625pt x 700.6175pt>
File: ./images/14_home_details.png Graphic file (type png)

<use ./images/14_home_details.png>
Package pdftex.def Info: ./images/14_home_details.png used on input line 148.
(pdftex.def)             Requested size: 345.0pt x 168.3975pt.

<./images/15_creator_details_1.png, id=180, 345.29pt x 410.53375pt>
File: ./images/15_creator_details_1.png Graphic file (type png)

<use ./images/15_creator_details_1.png>
Package pdftex.def Info: ./images/15_creator_details_1.png used on input line 1
58.
(pdftex.def)             Requested size: 172.5pt x 205.09723pt.

<./images/16_creator_details_2.png, id=181, 341.275pt x 446.66875pt>
File: ./images/16_creator_details_2.png Graphic file (type png)

<use ./images/16_creator_details_2.png>
Package pdftex.def Info: ./images/16_creator_details_2.png used on input line 1
59.
(pdftex.def)             Requested size: 172.5pt x 225.7738pt.

<./images/17_creator_details_3.png, id=182, 343.2825pt x 402.50375pt>
File: ./images/17_creator_details_3.png Graphic file (type png)

<use ./images/17_creator_details_3.png>
Package pdftex.def Info: ./images/17_creator_details_3.png used on input line 1
60.
(pdftex.def)             Requested size: 172.5pt x 202.2586pt.
 [9 <C:/Users/stefano/Documents/NetBeansProjects/meteo-cal-celli-cereda/user ma
nual/images/13_after_invite.png> <C:/Users/stefano/Documents/NetBeansProjects/m
eteo-cal-celli-cereda/user manual/images/14_home_details.png>] [10 <C:/Users/st
efano/Documents/NetBeansProjects/meteo-cal-celli-cereda/user manual/images/15_c
reator_details_1.png> <C:/Users/stefano/Documents/NetBeansProjects/meteo-cal-ce
lli-cereda/user manual/images/16_creator_details_2.png>]
<./images/18_details_partecipant.png, id=195, 510.90875pt x 458.71375pt>
File: ./images/18_details_partecipant.png Graphic file (type png)

<use ./images/18_details_partecipant.png>
Package pdftex.def Info: ./images/18_details_partecipant.png used on input line
 166.
(pdftex.def)             Requested size: 241.49895pt x 216.82738pt.

<./images/19_search_results.png, id=196, 1060.96375pt x 443.6575pt>
File: ./images/19_search_results.png Graphic file (type png)

<use ./images/19_search_results.png>
Package pdftex.def Info: ./images/19_search_results.png used on input line 176.

(pdftex.def)             Requested size: 241.49895pt x 100.983pt.
 [11 <C:/Users/stefano/Documents/NetBeansProjects/meteo-cal-celli-cereda/user m
anual/images/17_creator_details_3.png> <C:/Users/stefano/Documents/NetBeansProj
ects/meteo-cal-celli-cereda/user manual/images/18_details_partecipant.png>]
<./images/20_search_results_detail.png, id=203, 713.66624pt x 165.61874pt>
File: ./images/20_search_results_detail.png Graphic file (type png)

<use ./images/20_search_results_detail.png>
Package pdftex.def Info: ./images/20_search_results_detail.png used on input li
ne 182.
(pdftex.def)             Requested size: 241.49895pt x 56.04427pt.

<./images/21_search_no_results.png, id=204, 493.845pt x 76.03406pt>
File: ./images/21_search_no_results.png Graphic file (type png)

<use ./images/21_search_no_results.png>
Package pdftex.def Info: ./images/21_search_no_results.png used on input line 1
91.
(pdftex.def)             Requested size: 345.0pt x 53.11673pt.

<./images/22_other_user_page.png, id=205, 1433.355pt x 665.48625pt>
File: ./images/22_other_user_page.png Graphic file (type png)

<use ./images/22_other_user_page.png>
Package pdftex.def Info: ./images/22_other_user_page.png used on input line 197
.
(pdftex.def)             Requested size: 345.0pt x 160.17691pt.
 [12 <C:/Users/stefano/Documents/NetBeansProjects/meteo-cal-celli-cereda/user m
anual/images/19_search_results.png> <C:/Users/stefano/Documents/NetBeansProject
s/meteo-cal-celli-cereda/user manual/images/20_search_results_detail.png> <C:/U
sers/stefano/Documents/NetBeansProjects/meteo-cal-celli-cereda/user manual/imag
es/21_search_no_results.png> <C:/Users/stefano/Documents/NetBeansProjects/meteo
-cal-celli-cereda/user manual/images/22_other_user_page.png>]
<./images/23_event_details_private.png, id=214, 302.12875pt x 143.53625pt>
File: ./images/23_event_details_private.png Graphic file (type png)

<use ./images/23_event_details_private.png>
Package pdftex.def Info: ./images/23_event_details_private.png used on input li
ne 208.
(pdftex.def)             Requested size: 241.49895pt x 114.73277pt.

<./images/24_notification_scroll.png, id=215, 235.88126pt x 677.53125pt>
File: ./images/24_notification_scroll.png Graphic file (type png)

<use ./images/24_notification_scroll.png>
Package pdftex.def Info: ./images/24_notification_scroll.png used on input line
 217.
(pdftex.def)             Requested size: 103.50105pt x 297.2876pt.
 [13 <C:/Users/stefano/Documents/NetBeansProjects/meteo-cal-celli-cereda/user m
anual/images/23_event_details_private.png> <C:/Users/stefano/Documents/NetBeans
Projects/meteo-cal-celli-cereda/user manual/images/24_notification_scroll.png>]

<./images/25_notification_invite.png, id=222, 378.41376pt x 372.39125pt>
File: ./images/25_notification_invite.png Graphic file (type png)

<use ./images/25_notification_invite.png>
Package pdftex.def Info: ./images/25_notification_invite.png used on input line
 229.
(pdftex.def)             Requested size: 241.49895pt x 237.65907pt.

<./images/26_sunny_day_proposal.png, id=223, 761.84625pt x 341.275pt>
File: ./images/26_sunny_day_proposal.png Graphic file (type png)

<use ./images/26_sunny_day_proposal.png>
Package pdftex.def Info: ./images/26_sunny_day_proposal.png used on input line 
230.
(pdftex.def)             Requested size: 241.49895pt x 108.17915pt.

<./images/27_bad_weather_alert.png, id=224, 452.69125pt x 309.155pt>
File: ./images/27_bad_weather_alert.png Graphic file (type png)

<use ./images/27_bad_weather_alert.png>
Package pdftex.def Info: ./images/27_bad_weather_alert.png used on input line 2
31.
(pdftex.def)             Requested size: 241.49895pt x 164.92691pt.

<./images/28_event_changed_notification.png, id=225, 340.27126pt x 284.06125pt>
File: ./images/28_event_changed_notification.png Graphic file (type png)
<use ./images/28_event_changed_notification.png>
Package pdftex.def Info: ./images/28_event_changed_notification.png used on inp
ut line 232.
(pdftex.def)             Requested size: 241.49895pt x 201.60686pt.
 [14 <C:/Users/stefano/Documents/NetBeansProjects/meteo-cal-celli-cereda/user m
anual/images/25_notification_invite.png> <C:/Users/stefano/Documents/NetBeansPr
ojects/meteo-cal-celli-cereda/user manual/images/26_sunny_day_proposal.png>]
<./images/29_settings.png, id=232, 1442.38875pt x 696.6025pt>
File: ./images/29_settings.png Graphic file (type png)

<use ./images/29_settings.png>
Package pdftex.def Info: ./images/29_settings.png used on input line 239.
(pdftex.def)             Requested size: 345.0pt x 166.61403pt.
 [15 <C:/Users/stefano/Documents/NetBeansProjects/meteo-cal-celli-cereda/user m
anual/images/27_bad_weather_alert.png> <C:/Users/stefano/Documents/NetBeansProj
ects/meteo-cal-celli-cereda/user manual/images/28_event_changed_notification.pn
g>]
<./images/30_error_login_1.png, id=239, 471.7625pt x 479.7925pt>
File: ./images/30_error_login_1.png Graphic file (type png)

<use ./images/30_error_login_1.png>
Package pdftex.def Info: ./images/30_error_login_1.png used on input line 247.
(pdftex.def)             Requested size: 241.49895pt x 245.61337pt.

<./images/31_error_login_2.png, id=240, 443.6575pt x 495.8525pt>
File: ./images/31_error_login_2.png Graphic file (type png)

<use ./images/31_error_login_2.png>
Package pdftex.def Info: ./images/31_error_login_2.png used on input line 248.
(pdftex.def)             Requested size: 241.49895pt x 269.90512pt.
 [16 <C:/Users/stefano/Documents/NetBeansProjects/meteo-cal-celli-cereda/user m
anual/images/29_settings.png>]
<./images/32_error_registration_1.png, id=246, 631.35875pt x 519.9425pt>
File: ./images/32_error_registration_1.png Graphic file (type png)

<use ./images/32_error_registration_1.png>
Package pdftex.def Info: ./images/32_error_registration_1.png used on input lin
e 253.
(pdftex.def)             Requested size: 241.49895pt x 198.88132pt.

<./images/33_error_registration_2.png, id=247, 873.2625pt x 626.34pt>
File: ./images/33_error_registration_2.png Graphic file (type png)

<use ./images/33_error_registration_2.png>
Package pdftex.def Info: ./images/33_error_registration_2.png used on input lin
e 254.
(pdftex.def)             Requested size: 241.49895pt x 173.21408pt.
 [17 <C:/Users/stefano/Documents/NetBeansProjects/meteo-cal-celli-cereda/user m
anual/images/30_error_login_1.png> <C:/Users/stefano/Documents/NetBeansProjects
/meteo-cal-celli-cereda/user manual/images/31_error_login_2.png>]
<./images/34_error_settings_1.png, id=254, 765.86125pt x 611.28375pt>
File: ./images/34_error_settings_1.png Graphic file (type png)

<use ./images/34_error_settings_1.png>
Package pdftex.def Info: ./images/34_error_settings_1.png used on input line 25
9.
(pdftex.def)             Requested size: 241.49895pt x 192.75127pt.

<./images/35_error_settings_2.png, id=255, 808.01875pt x 682.55pt>
File: ./images/35_error_settings_2.png Graphic file (type png)

<use ./images/35_error_settings_2.png>
Package pdftex.def Info: ./images/35_error_settings_2.png used on input line 26
0.
(pdftex.def)             Requested size: 241.49895pt x 203.99588pt.
 [18 <C:/Users/stefano/Documents/NetBeansProjects/meteo-cal-celli-cereda/user m
anual/images/32_error_registration_1.png> <C:/Users/stefano/Documents/NetBeansP
rojects/meteo-cal-celli-cereda/user manual/images/33_error_registration_2.png>]
Package atveryend Info: Empty hook `BeforeClearDocument' on input line 263.
 [19 <C:/Users/stefano/Documents/NetBeansProjects/meteo-cal-celli-cereda/user m
anual/images/34_error_settings_1.png> <C:/Users/stefano/Documents/NetBeansProje
cts/meteo-cal-celli-cereda/user manual/images/35_error_settings_2.png>]
Package atveryend Info: Empty hook `AfterLastShipout' on input line 263.

("C:\Users\stefano\Documents\NetBeansProjects\meteo-cal-celli-cereda\user manua
l\UserManual.aux")
Package atveryend Info: Executing hook `AtVeryEndDocument' on input line 263.
Package atveryend Info: Executing hook `AtEndAfterFileList' on input line 263.
Package rerunfilecheck Info: File `UserManual.out' has not changed.
(rerunfilecheck)             Checksum: EC3F44BD293753ED335689CF024C018B;1115.
Package atveryend Info: Empty hook `AtVeryVeryEnd' on input line 263.
 ) 
Here is how much of TeX's memory you used:
 6637 strings out of 493921
 98011 string characters out of 3147276
 173245 words of memory out of 3000000
 9781 multiletter control sequences out of 15000+200000
 9788 words of font info for 37 fonts, out of 3000000 for 9000
 841 hyphenation exceptions out of 8191
 29i,4n,28p,345b,394s stack positions out of 5000i,500n,10000p,200000b,50000s
<C:/Program Files/MiKTeX 2.9/fonts/type1/public/amsfonts/cm/cmbx10.pfb><C:/Pr
ogram Files/MiKTeX 2.9/fonts/type1/public/amsfonts/cm/cmbx12.pfb><C:/Program Fi
les/MiKTeX 2.9/fonts/type1/public/amsfonts/cm/cmcsc10.pfb><C:/Program Files/MiK
TeX 2.9/fonts/type1/public/amsfonts/cm/cmr10.pfb><C:/Program Files/MiKTeX 2.9/f
onts/type1/public/amsfonts/cm/cmr12.pfb><C:/Program Files/MiKTeX 2.9/fonts/type
1/public/amsfonts/cm/cmti12.pfb><C:/Program Files/MiKTeX 2.9/fonts/type1/public
/amsfonts/cm/cmtt10.pfb>
Output written on UserManual.pdf (20 pages, 1720180 bytes).
PDF statistics:
 305 PDF objects out of 1000 (max. 8388607)
 44 named destinations out of 1000 (max. 500000)
 341 words of extra memory for PDF output out of 10000 (max. 10000000)

