\BOOKMARK [0][-]{part.1}{I System Description}{}% 1
\BOOKMARK [0][-]{part.2}{II Unlogged User}{}% 2
\BOOKMARK [1][-]{section.1}{Login}{part.2}% 3
\BOOKMARK [1][-]{section.2}{Register}{part.2}% 4
\BOOKMARK [1][-]{section.3}{View About}{part.2}% 5
\BOOKMARK [0][-]{part.3}{III Logged User}{}% 6
\BOOKMARK [1][-]{section.4}{Overview}{part.3}% 7
\BOOKMARK [1][-]{section.5}{Manage Calendar}{part.3}% 8
\BOOKMARK [2][-]{subsection.5.1}{Browse Calendar}{section.5}% 9
\BOOKMARK [2][-]{subsection.5.2}{Create event}{section.5}% 10
\BOOKMARK [2][-]{subsection.5.3}{Check, modify, delete event}{section.5}% 11
\BOOKMARK [1][-]{section.6}{Search}{part.3}% 12
\BOOKMARK [2][-]{subsection.6.1}{Search}{section.6}% 13
\BOOKMARK [2][-]{subsection.6.2}{View other user page}{section.6}% 14
\BOOKMARK [1][-]{section.7}{Notifications}{part.3}% 15
\BOOKMARK [1][-]{section.8}{Settings}{part.3}% 16
\BOOKMARK [0][-]{part.4}{IV Errors}{}% 17
\BOOKMARK [1][-]{section.9}{Login errors}{part.4}% 18
\BOOKMARK [1][-]{section.10}{Registration errors}{part.4}% 19
\BOOKMARK [1][-]{section.11}{Settings error}{part.4}% 20
